[  -44489ms] [VERBOSE] [DOM] Input elements should have autocomplete attributes (suggested: "new-password"): (More info: https://www.chromium.org/developers/design-documents/create-amazing-password-forms) %o @ https://prehraj.to/fabian-a-vrazedna-svatba-2026-cz-titulky-mp4/c7d08b8d4a80ed68:0
[  -44489ms] [VERBOSE] [DOM] Input elements should have autocomplete attributes (suggested: "new-password"): (More info: https://www.chromium.org/developers/design-documents/create-amazing-password-forms) %o @ https://prehraj.to/fabian-a-vrazedna-svatba-2026-cz-titulky-mp4/c7d08b8d4a80ed68:0
[  -44489ms] [VERBOSE] [DOM] Input elements should have autocomplete attributes (suggested: "current-password"): (More info: https://www.chromium.org/developers/design-documents/create-amazing-password-forms) %o @ https://prehraj.to/fabian-a-vrazedna-svatba-2026-cz-titulky-mp4/c7d08b8d4a80ed68:0
[  -44489ms] [VERBOSE] [DOM] Input elements should have autocomplete attributes (suggested: "current-password"): (More info: https://www.chromium.org/developers/design-documents/create-amazing-password-forms) %o @ https://prehraj.to/fabian-a-vrazedna-svatba-2026-cz-titulky-mp4/c7d08b8d4a80ed68:0
[  -36402ms] [WARNING] The resource https://prehraj.to/assets/fonts/opensans-extrabold.woff2 was preloaded using link preload but not used within a few seconds from the window's load event. Please make sure it has an appropriate `as` value and it is preloaded intentionally. @ https://prehraj.to/fabian-a-vrazedna-svatba-2026-cz-titulky-mp4/c7d08b8d4a80ed68:0
[  -36402ms] [WARNING] The resource https://prehraj.to/assets/fonts/opensans-bold.woff2 was preloaded using link preload but not used within a few seconds from the window's load event. Please make sure it has an appropriate `as` value and it is preloaded intentionally. @ https://prehraj.to/fabian-a-vrazedna-svatba-2026-cz-titulky-mp4/c7d08b8d4a80ed68:0
[  -36402ms] [WARNING] The resource https://prehraj.to/assets/fonts/opensans-regular.woff2 was preloaded using link preload but not used within a few seconds from the window's load event. Please make sure it has an appropriate `as` value and it is preloaded intentionally. @ https://prehraj.to/fabian-a-vrazedna-svatba-2026-cz-titulky-mp4/c7d08b8d4a80ed68:0
[  -36402ms] [WARNING] The resource https://prehraj.to/assets/fonts/opensans-light.woff2 was preloaded using link preload but not used within a few seconds from the window's load event. Please make sure it has an appropriate `as` value and it is preloaded intentionally. @ https://prehraj.to/fabian-a-vrazedna-svatba-2026-cz-titulky-mp4/c7d08b8d4a80ed68:0
[  509161ms] [VERBOSE] [DOM] Input elements should have autocomplete attributes (suggested: "current-password"): (More info: https://www.chromium.org/developers/design-documents/create-amazing-password-forms) %o @ https://prehraj.to/:0
[  512207ms] [VERBOSE] [DOM] Input elements should have autocomplete attributes (suggested: "current-password"): (More info: https://www.chromium.org/developers/design-documents/create-amazing-password-forms) %o @ https://prehraj.to/hledej/Forsvundet%20til%20Halloween:0
[  515124ms] [LOG] videojs @ https://prehraj.to/forsvundet-til-halloween-2021-cz-dabing-mp4/29a401d6c45b3785:957
[  515168ms] [LOG] Viewed: 0s @ https://prehraj.to/public/video-player/video-js-player.js?18032026:198
[  515173ms] [LOG] 49.10000002384186 @ https://prehraj.to/public/video-player/video-js-player.js?18032026:115
[  515181ms] [VERBOSE] [DOM] Input elements should have autocomplete attributes (suggested: "new-password"): (More info: https://www.chromium.org/developers/design-documents/create-amazing-password-forms) %o @ https://prehraj.to/forsvundet-til-halloween-2021-cz-dabing-mp4/29a401d6c45b3785:0
[  515181ms] [VERBOSE] [DOM] Input elements should have autocomplete attributes (suggested: "new-password"): (More info: https://www.chromium.org/developers/design-documents/create-amazing-password-forms) %o @ https://prehraj.to/forsvundet-til-halloween-2021-cz-dabing-mp4/29a401d6c45b3785:0
[  515181ms] [VERBOSE] [DOM] Input elements should have autocomplete attributes (suggested: "current-password"): (More info: https://www.chromium.org/developers/design-documents/create-amazing-password-forms) %o @ https://prehraj.to/forsvundet-til-halloween-2021-cz-dabing-mp4/29a401d6c45b3785:0
[  515181ms] [VERBOSE] [DOM] Input elements should have autocomplete attributes (suggested: "current-password"): (More info: https://www.chromium.org/developers/design-documents/create-amazing-password-forms) %o @ https://prehraj.to/forsvundet-til-halloween-2021-cz-dabing-mp4/29a401d6c45b3785:0
[  516258ms] [ERROR] Failed to load resource: the server responded with a status of 403 () @ https://prehraj.to/forsvundet-til-halloween-2021-cz-dabing-mp4/29a401d6c45b3785?do=videoStarted:0
[  516471ms] [LOG] Viewed: 0.200739s @ https://prehraj.to/public/video-player/video-js-player.js?18032026:198
[  516515ms] [ERROR] Failed to load resource: the server responded with a status of 400 () @ https://prehraj.to/forsvundet-til-halloween-2021-cz-dabing-mp4/29a401d6c45b3785?hash=29a401d6c45b3785&do=videoViewCommission:0
[  516736ms] [LOG] Viewed: 0.466304s @ https://prehraj.to/public/video-player/video-js-player.js?18032026:198
[  517002ms] [LOG] Viewed: 0.73241s @ https://prehraj.to/public/video-player/video-js-player.js?18032026:198
[  517268ms] [LOG] Viewed: 0.997715s @ https://prehraj.to/public/video-player/video-js-player.js?18032026:198
[  517535ms] [LOG] Viewed: 1.255518s @ https://prehraj.to/public/video-player/video-js-player.js?18032026:198
[  517600ms] [LOG] Viewed: 1.255518s @ https://prehraj.to/public/video-player/video-js-player.js?18032026:198
[  517680ms] [LOG] Viewed: 1.255518s @ https://prehraj.to/public/video-player/video-js-player.js?18032026:198
[  517826ms] [LOG] Viewed: 1.255518s @ https://prehraj.to/public/video-player/video-js-player.js?18032026:198
[  518081ms] [LOG] Viewed: 1.4442889999999742s @ https://prehraj.to/public/video-player/video-js-player.js?18032026:198
[  518346ms] [LOG] Viewed: 1.706718999999969s @ https://prehraj.to/public/video-player/video-js-player.js?18032026:198
[  518611ms] [LOG] Viewed: 1.9716359999999375s @ https://prehraj.to/public/video-player/video-js-player.js?18032026:198
[  518877ms] [LOG] Viewed: 2.2384309999999394s @ https://prehraj.to/public/video-player/video-js-player.js?18032026:198
[  519146ms] [LOG] Viewed: 2.5072730000000027s @ https://prehraj.to/public/video-player/video-js-player.js?18032026:198
[  519408ms] [LOG] Viewed: 2.7683119999999852s @ https://prehraj.to/public/video-player/video-js-player.js?18032026:198
[  519612ms] [VERBOSE] [DOM] Input elements should have autocomplete attributes (suggested: "current-password"): (More info: https://www.chromium.org/developers/design-documents/create-amazing-password-forms) %o @ https://prehraj.to/profil:0
[  522056ms] [VERBOSE] [DOM] Input elements should have autocomplete attributes (suggested: "current-password"): (More info: https://www.chromium.org/developers/design-documents/create-amazing-password-forms) %o @ https://prehraj.to/profil/statistiky:0
[  530129ms] [WARNING] The resource https://prehraj.to/assets/fonts/opensans-extrabold.woff2 was preloaded using link preload but not used within a few seconds from the window's load event. Please make sure it has an appropriate `as` value and it is preloaded intentionally. @ https://prehraj.to/profil/statistiky:0
[  530129ms] [WARNING] The resource https://prehraj.to/assets/fonts/opensans-bold.woff2 was preloaded using link preload but not used within a few seconds from the window's load event. Please make sure it has an appropriate `as` value and it is preloaded intentionally. @ https://prehraj.to/profil/statistiky:0
[  530129ms] [WARNING] The resource https://prehraj.to/assets/fonts/opensans-regular.woff2 was preloaded using link preload but not used within a few seconds from the window's load event. Please make sure it has an appropriate `as` value and it is preloaded intentionally. @ https://prehraj.to/profil/statistiky:0
[  530129ms] [WARNING] The resource https://prehraj.to/assets/fonts/opensans-light.woff2 was preloaded using link preload but not used within a few seconds from the window's load event. Please make sure it has an appropriate `as` value and it is preloaded intentionally. @ https://prehraj.to/profil/statistiky:0
[  535254ms] [VERBOSE] [DOM] Input elements should have autocomplete attributes (suggested: "current-password"): (More info: https://www.chromium.org/developers/design-documents/create-amazing-password-forms) %o @ https://prehraj.to/profil/statistiky:0
[  537341ms] [VERBOSE] [DOM] Input elements should have autocomplete attributes (suggested: "current-password"): (More info: https://www.chromium.org/developers/design-documents/create-amazing-password-forms) %o @ https://prehraj.to/provize/vyplaty:0
[  538899ms] [LOG] page loaded selectbox @ https://prehraj.to/public/build/select-box-it.ab498628.js:1
[  538914ms] [VERBOSE] [DOM] Input elements should have autocomplete attributes (suggested: "current-password"): (More info: https://www.chromium.org/developers/design-documents/create-amazing-password-forms) %o @ https://prehraj.to/provize/prehled:0
[  547000ms] [WARNING] The resource https://prehraj.to/assets/fonts/opensans-extrabold.woff2 was preloaded using link preload but not used within a few seconds from the window's load event. Please make sure it has an appropriate `as` value and it is preloaded intentionally. @ https://prehraj.to/provize/prehled:0
[  547000ms] [WARNING] The resource https://prehraj.to/assets/fonts/opensans-bold.woff2 was preloaded using link preload but not used within a few seconds from the window's load event. Please make sure it has an appropriate `as` value and it is preloaded intentionally. @ https://prehraj.to/provize/prehled:0
[  547000ms] [WARNING] The resource https://prehraj.to/assets/fonts/opensans-regular.woff2 was preloaded using link preload but not used within a few seconds from the window's load event. Please make sure it has an appropriate `as` value and it is preloaded intentionally. @ https://prehraj.to/provize/prehled:0
[  547000ms] [WARNING] The resource https://prehraj.to/assets/fonts/opensans-light.woff2 was preloaded using link preload but not used within a few seconds from the window's load event. Please make sure it has an appropriate `as` value and it is preloaded intentionally. @ https://prehraj.to/provize/prehled:0
[  547985ms] [LOG] page loaded selectbox @ https://prehraj.to/public/build/select-box-it.ab498628.js:1
[  548013ms] [VERBOSE] [DOM] Input elements should have autocomplete attributes (suggested: "current-password"): (More info: https://www.chromium.org/developers/design-documents/create-amazing-password-forms) %o @ https://prehraj.to/profil/nahrana-videa:0
[  549439ms] [VERBOSE] [DOM] Input elements should have autocomplete attributes (suggested: "current-password"): (More info: https://www.chromium.org/developers/design-documents/create-amazing-password-forms) %o @ https://prehraj.to/profil/statistiky:0
[  553747ms] [WARNING] The resource https://prehraj.to/assets/fonts/opensans-extrabold.woff2 was preloaded using link preload but not used within a few seconds from the window's load event. Please make sure it has an appropriate `as` value and it is preloaded intentionally. @ https://prehraj.to/profil/statistiky:0
[  553747ms] [WARNING] The resource https://prehraj.to/assets/fonts/opensans-bold.woff2 was preloaded using link preload but not used within a few seconds from the window's load event. Please make sure it has an appropriate `as` value and it is preloaded intentionally. @ https://prehraj.to/profil/statistiky:0
[  553747ms] [WARNING] The resource https://prehraj.to/assets/fonts/opensans-regular.woff2 was preloaded using link preload but not used within a few seconds from the window's load event. Please make sure it has an appropriate `as` value and it is preloaded intentionally. @ https://prehraj.to/profil/statistiky:0
[  553747ms] [WARNING] The resource https://prehraj.to/assets/fonts/opensans-light.woff2 was preloaded using link preload but not used within a few seconds from the window's load event. Please make sure it has an appropriate `as` value and it is preloaded intentionally. @ https://prehraj.to/profil/statistiky:0
[  558971ms] [WARNING] The resource https://prehraj.to/assets/fonts/opensans-extrabold.woff2 was preloaded using link preload but not used within a few seconds from the window's load event. Please make sure it has an appropriate `as` value and it is preloaded intentionally. @ https://prehraj.to/profil/statistiky:0
[  558971ms] [WARNING] The resource https://prehraj.to/assets/fonts/opensans-bold.woff2 was preloaded using link preload but not used within a few seconds from the window's load event. Please make sure it has an appropriate `as` value and it is preloaded intentionally. @ https://prehraj.to/profil/statistiky:0
[  558971ms] [WARNING] The resource https://prehraj.to/assets/fonts/opensans-regular.woff2 was preloaded using link preload but not used within a few seconds from the window's load event. Please make sure it has an appropriate `as` value and it is preloaded intentionally. @ https://prehraj.to/profil/statistiky:0
[  558971ms] [WARNING] The resource https://prehraj.to/assets/fonts/opensans-light.woff2 was preloaded using link preload but not used within a few seconds from the window's load event. Please make sure it has an appropriate `as` value and it is preloaded intentionally. @ https://prehraj.to/profil/statistiky:0
[  607304ms] [VERBOSE] [DOM] Input elements should have autocomplete attributes (suggested: "current-password"): (More info: https://www.chromium.org/developers/design-documents/create-amazing-password-forms) %o @ https://prehraj.to/profil/statistiky:0
[  612122ms] [LOG] page loaded selectbox @ https://prehraj.to/public/build/select-box-it.ab498628.js:1
[  612147ms] [VERBOSE] [DOM] Input elements should have autocomplete attributes (suggested: "current-password"): (More info: https://www.chromium.org/developers/design-documents/create-amazing-password-forms) %o @ https://prehraj.to/profil/nahrana-videa:0
[  620227ms] [WARNING] The resource https://prehraj.to/assets/fonts/opensans-extrabold.woff2 was preloaded using link preload but not used within a few seconds from the window's load event. Please make sure it has an appropriate `as` value and it is preloaded intentionally. @ https://prehraj.to/profil/nahrana-videa:0
[  620227ms] [WARNING] The resource https://prehraj.to/assets/fonts/opensans-bold.woff2 was preloaded using link preload but not used within a few seconds from the window's load event. Please make sure it has an appropriate `as` value and it is preloaded intentionally. @ https://prehraj.to/profil/nahrana-videa:0
[  620227ms] [WARNING] The resource https://prehraj.to/assets/fonts/opensans-regular.woff2 was preloaded using link preload but not used within a few seconds from the window's load event. Please make sure it has an appropriate `as` value and it is preloaded intentionally. @ https://prehraj.to/profil/nahrana-videa:0
[  620227ms] [WARNING] The resource https://prehraj.to/assets/fonts/opensans-light.woff2 was preloaded using link preload but not used within a few seconds from the window's load event. Please make sure it has an appropriate `as` value and it is preloaded intentionally. @ https://prehraj.to/profil/nahrana-videa:0
[  655524ms] [LOG] page loaded selectbox @ https://prehraj.to/public/build/select-box-it.ab498628.js:1
[  655550ms] [VERBOSE] [DOM] Input elements should have autocomplete attributes (suggested: "current-password"): (More info: https://www.chromium.org/developers/design-documents/create-amazing-password-forms) %o @ https://prehraj.to/profil/nahrana-videa:0
[  659877ms] [WARNING] The resource https://prehraj.to/assets/fonts/opensans-extrabold.woff2 was preloaded using link preload but not used within a few seconds from the window's load event. Please make sure it has an appropriate `as` value and it is preloaded intentionally. @ https://prehraj.to/profil/nahrana-videa:0
[  659877ms] [WARNING] The resource https://prehraj.to/assets/fonts/opensans-bold.woff2 was preloaded using link preload but not used within a few seconds from the window's load event. Please make sure it has an appropriate `as` value and it is preloaded intentionally. @ https://prehraj.to/profil/nahrana-videa:0
[  659877ms] [WARNING] The resource https://prehraj.to/assets/fonts/opensans-regular.woff2 was preloaded using link preload but not used within a few seconds from the window's load event. Please make sure it has an appropriate `as` value and it is preloaded intentionally. @ https://prehraj.to/profil/nahrana-videa:0
[  659877ms] [WARNING] The resource https://prehraj.to/assets/fonts/opensans-light.woff2 was preloaded using link preload but not used within a few seconds from the window's load event. Please make sure it has an appropriate `as` value and it is preloaded intentionally. @ https://prehraj.to/profil/nahrana-videa:0
[  663536ms] [WARNING] The resource https://prehraj.to/assets/fonts/opensans-extrabold.woff2 was preloaded using link preload but not used within a few seconds from the window's load event. Please make sure it has an appropriate `as` value and it is preloaded intentionally. @ https://prehraj.to/profil/nahrana-videa:0
[  663537ms] [WARNING] The resource https://prehraj.to/assets/fonts/opensans-bold.woff2 was preloaded using link preload but not used within a few seconds from the window's load event. Please make sure it has an appropriate `as` value and it is preloaded intentionally. @ https://prehraj.to/profil/nahrana-videa:0
[  663537ms] [WARNING] The resource https://prehraj.to/assets/fonts/opensans-regular.woff2 was preloaded using link preload but not used within a few seconds from the window's load event. Please make sure it has an appropriate `as` value and it is preloaded intentionally. @ https://prehraj.to/profil/nahrana-videa:0
[  663537ms] [WARNING] The resource https://prehraj.to/assets/fonts/opensans-light.woff2 was preloaded using link preload but not used within a few seconds from the window's load event. Please make sure it has an appropriate `as` value and it is preloaded intentionally. @ https://prehraj.to/profil/nahrana-videa:0
[  713882ms] [LOG] page loaded selectbox @ https://prehraj.to/public/build/select-box-it.ab498628.js:1
[  713909ms] [VERBOSE] [DOM] Input elements should have autocomplete attributes (suggested: "current-password"): (More info: https://www.chromium.org/developers/design-documents/create-amazing-password-forms) %o @ https://prehraj.to/profil/nahrana-videa:0
[  722058ms] [WARNING] The resource https://prehraj.to/assets/fonts/opensans-extrabold.woff2 was preloaded using link preload but not used within a few seconds from the window's load event. Please make sure it has an appropriate `as` value and it is preloaded intentionally. @ https://prehraj.to/profil/nahrana-videa:0
[  722058ms] [WARNING] The resource https://prehraj.to/assets/fonts/opensans-bold.woff2 was preloaded using link preload but not used within a few seconds from the window's load event. Please make sure it has an appropriate `as` value and it is preloaded intentionally. @ https://prehraj.to/profil/nahrana-videa:0
[  722058ms] [WARNING] The resource https://prehraj.to/assets/fonts/opensans-regular.woff2 was preloaded using link preload but not used within a few seconds from the window's load event. Please make sure it has an appropriate `as` value and it is preloaded intentionally. @ https://prehraj.to/profil/nahrana-videa:0
[  722058ms] [WARNING] The resource https://prehraj.to/assets/fonts/opensans-light.woff2 was preloaded using link preload but not used within a few seconds from the window's load event. Please make sure it has an appropriate `as` value and it is preloaded intentionally. @ https://prehraj.to/profil/nahrana-videa:0
[  735937ms] [LOG] videojs @ https://prehraj.to/the-lost-tiger-2025-cz-titulky-mp4/ae3b3ed351844686:957
[  735981ms] [VERBOSE] [DOM] Input elements should have autocomplete attributes (suggested: "new-password"): (More info: https://www.chromium.org/developers/design-documents/create-amazing-password-forms) %o @ https://prehraj.to/the-lost-tiger-2025-cz-titulky-mp4/ae3b3ed351844686:0
[  735981ms] [VERBOSE] [DOM] Input elements should have autocomplete attributes (suggested: "new-password"): (More info: https://www.chromium.org/developers/design-documents/create-amazing-password-forms) %o @ https://prehraj.to/the-lost-tiger-2025-cz-titulky-mp4/ae3b3ed351844686:0
[  735981ms] [VERBOSE] [DOM] Input elements should have autocomplete attributes (suggested: "current-password"): (More info: https://www.chromium.org/developers/design-documents/create-amazing-password-forms) %o @ https://prehraj.to/the-lost-tiger-2025-cz-titulky-mp4/ae3b3ed351844686:0
[  735981ms] [VERBOSE] [DOM] Input elements should have autocomplete attributes (suggested: "current-password"): (More info: https://www.chromium.org/developers/design-documents/create-amazing-password-forms) %o @ https://prehraj.to/the-lost-tiger-2025-cz-titulky-mp4/ae3b3ed351844686:0
[  735984ms] [LOG] Viewed: 0s @ https://prehraj.to/public/video-player/video-js-player.js?18032026:198
[  735985ms] [LOG] 48.5 @ https://prehraj.to/public/video-player/video-js-player.js?18032026:115
[  737281ms] [ERROR] Failed to load resource: the server responded with a status of 403 () @ https://prehraj.to/the-lost-tiger-2025-cz-titulky-mp4/ae3b3ed351844686?do=videoStarted:0
[  738643ms] [LOG] Viewed: 0.195153s @ https://prehraj.to/public/video-player/video-js-player.js?18032026:198
[  738693ms] [ERROR] Failed to load resource: the server responded with a status of 400 () @ https://prehraj.to/the-lost-tiger-2025-cz-titulky-mp4/ae3b3ed351844686?hash=ae3b3ed351844686&do=videoViewCommission:0
[  738908ms] [LOG] Viewed: 0.461515s @ https://prehraj.to/public/video-player/video-js-player.js?18032026:198
[  739175ms] [LOG] Viewed: 0.728719s @ https://prehraj.to/public/video-player/video-js-player.js?18032026:198
[  739445ms] [LOG] Viewed: 0.999562s @ https://prehraj.to/public/video-player/video-js-player.js?18032026:198
[  739705ms] [LOG] Viewed: 1.258253s @ https://prehraj.to/public/video-player/video-js-player.js?18032026:198
[  739934ms] [LOG] Viewed: 1.258253s @ https://prehraj.to/public/video-player/video-js-player.js?18032026:198
[  740028ms] [LOG] Viewed: 1.258253s @ https://prehraj.to/public/video-player/video-js-player.js?18032026:198
[  740609ms] [LOG] Viewed: 1.258253s @ https://prehraj.to/public/video-player/video-js-player.js?18032026:198
[  740861ms] [LOG] Viewed: 1.4333730000001064s @ https://prehraj.to/public/video-player/video-js-player.js?18032026:198
[  741127ms] [LOG] Viewed: 1.6951690000001103s @ https://prehraj.to/public/video-player/video-js-player.js?18032026:198
[  741393ms] [LOG] Viewed: 1.9605859999999533s @ https://prehraj.to/public/video-player/video-js-player.js?18032026:198
[  741659ms] [LOG] Viewed: 2.227157000000066s @ https://prehraj.to/public/video-player/video-js-player.js?18032026:198
[  741929ms] [LOG] Viewed: 2.4968529999999056s @ https://prehraj.to/public/video-player/video-js-player.js?18032026:198
[  742189ms] [LOG] Viewed: 2.7568449999999167s @ https://prehraj.to/public/video-player/video-js-player.js?18032026:198
[  742457ms] [LOG] Viewed: 3.0237569999999643s @ https://prehraj.to/public/video-player/video-js-player.js?18032026:198
[  742592ms] [LOG] Viewed: 3.1589010000000464s @ https://prehraj.to/public/video-player/video-js-player.js?18032026:198
[  744185ms] [WARNING] The resource https://prehraj.to/assets/fonts/opensans-extrabold.woff2 was preloaded using link preload but not used within a few seconds from the window's load event. Please make sure it has an appropriate `as` value and it is preloaded intentionally. @ https://prehraj.to/the-lost-tiger-2025-cz-titulky-mp4/ae3b3ed351844686:0
[  744185ms] [WARNING] The resource https://prehraj.to/assets/fonts/opensans-bold.woff2 was preloaded using link preload but not used within a few seconds from the window's load event. Please make sure it has an appropriate `as` value and it is preloaded intentionally. @ https://prehraj.to/the-lost-tiger-2025-cz-titulky-mp4/ae3b3ed351844686:0
[  744185ms] [WARNING] The resource https://prehraj.to/assets/fonts/opensans-regular.woff2 was preloaded using link preload but not used within a few seconds from the window's load event. Please make sure it has an appropriate `as` value and it is preloaded intentionally. @ https://prehraj.to/the-lost-tiger-2025-cz-titulky-mp4/ae3b3ed351844686:0
[  744185ms] [WARNING] The resource https://prehraj.to/assets/fonts/opensans-light.woff2 was preloaded using link preload but not used within a few seconds from the window's load event. Please make sure it has an appropriate `as` value and it is preloaded intentionally. @ https://prehraj.to/the-lost-tiger-2025-cz-titulky-mp4/ae3b3ed351844686:0
[  748334ms] [VERBOSE] [DOM] Input elements should have autocomplete attributes (suggested: "current-password"): (More info: https://www.chromium.org/developers/design-documents/create-amazing-password-forms) %o @ https://prehraj.to/profil:0
[  750306ms] [LOG] page loaded selectbox @ https://prehraj.to/public/build/select-box-it.ab498628.js:1
[  750332ms] [VERBOSE] [DOM] Input elements should have autocomplete attributes (suggested: "current-password"): (More info: https://www.chromium.org/developers/design-documents/create-amazing-password-forms) %o @ https://prehraj.to/profil/nahrana-videa:0
[  758412ms] [WARNING] The resource https://prehraj.to/assets/fonts/opensans-extrabold.woff2 was preloaded using link preload but not used within a few seconds from the window's load event. Please make sure it has an appropriate `as` value and it is preloaded intentionally. @ https://prehraj.to/profil/nahrana-videa:0
[  758412ms] [WARNING] The resource https://prehraj.to/assets/fonts/opensans-bold.woff2 was preloaded using link preload but not used within a few seconds from the window's load event. Please make sure it has an appropriate `as` value and it is preloaded intentionally. @ https://prehraj.to/profil/nahrana-videa:0
[  758412ms] [WARNING] The resource https://prehraj.to/assets/fonts/opensans-regular.woff2 was preloaded using link preload but not used within a few seconds from the window's load event. Please make sure it has an appropriate `as` value and it is preloaded intentionally. @ https://prehraj.to/profil/nahrana-videa:0
[  758412ms] [WARNING] The resource https://prehraj.to/assets/fonts/opensans-light.woff2 was preloaded using link preload but not used within a few seconds from the window's load event. Please make sure it has an appropriate `as` value and it is preloaded intentionally. @ https://prehraj.to/profil/nahrana-videa:0
[  814362ms] [LOG] page loaded selectbox @ https://prehraj.to/public/build/select-box-it.ab498628.js:1
[  814388ms] [VERBOSE] [DOM] Input elements should have autocomplete attributes (suggested: "current-password"): (More info: https://www.chromium.org/developers/design-documents/create-amazing-password-forms) %o @ https://prehraj.to/profil/nahrana-videa:0
[  822383ms] [WARNING] The resource https://prehraj.to/assets/fonts/opensans-extrabold.woff2 was preloaded using link preload but not used within a few seconds from the window's load event. Please make sure it has an appropriate `as` value and it is preloaded intentionally. @ https://prehraj.to/profil/nahrana-videa:0
[  822383ms] [WARNING] The resource https://prehraj.to/assets/fonts/opensans-bold.woff2 was preloaded using link preload but not used within a few seconds from the window's load event. Please make sure it has an appropriate `as` value and it is preloaded intentionally. @ https://prehraj.to/profil/nahrana-videa:0
[  822383ms] [WARNING] The resource https://prehraj.to/assets/fonts/opensans-regular.woff2 was preloaded using link preload but not used within a few seconds from the window's load event. Please make sure it has an appropriate `as` value and it is preloaded intentionally. @ https://prehraj.to/profil/nahrana-videa:0
[  822383ms] [WARNING] The resource https://prehraj.to/assets/fonts/opensans-light.woff2 was preloaded using link preload but not used within a few seconds from the window's load event. Please make sure it has an appropriate `as` value and it is preloaded intentionally. @ https://prehraj.to/profil/nahrana-videa:0
[  824752ms] [VERBOSE] [DOM] Input elements should have autocomplete attributes (suggested: "current-password"): (More info: https://www.chromium.org/developers/design-documents/create-amazing-password-forms) %o @ https://prehraj.to/profil/statistiky:0
[  826589ms] [VERBOSE] [DOM] Input elements should have autocomplete attributes (suggested: "current-password"): (More info: https://www.chromium.org/developers/design-documents/create-amazing-password-forms) %o @ https://prehraj.to/profil/statistiky:0
[  829147ms] [LOG] page loaded selectbox @ https://prehraj.to/public/build/select-box-it.ab498628.js:1
[  829173ms] [VERBOSE] [DOM] Input elements should have autocomplete attributes (suggested: "current-password"): (More info: https://www.chromium.org/developers/design-documents/create-amazing-password-forms) %o @ https://prehraj.to/profil/nahrana-videa:0
[  837264ms] [WARNING] The resource https://prehraj.to/assets/fonts/opensans-extrabold.woff2 was preloaded using link preload but not used within a few seconds from the window's load event. Please make sure it has an appropriate `as` value and it is preloaded intentionally. @ https://prehraj.to/profil/nahrana-videa:0
[  837264ms] [WARNING] The resource https://prehraj.to/assets/fonts/opensans-bold.woff2 was preloaded using link preload but not used within a few seconds from the window's load event. Please make sure it has an appropriate `as` value and it is preloaded intentionally. @ https://prehraj.to/profil/nahrana-videa:0
[  837264ms] [WARNING] The resource https://prehraj.to/assets/fonts/opensans-regular.woff2 was preloaded using link preload but not used within a few seconds from the window's load event. Please make sure it has an appropriate `as` value and it is preloaded intentionally. @ https://prehraj.to/profil/nahrana-videa:0
[  837264ms] [WARNING] The resource https://prehraj.to/assets/fonts/opensans-light.woff2 was preloaded using link preload but not used within a few seconds from the window's load event. Please make sure it has an appropriate `as` value and it is preloaded intentionally. @ https://prehraj.to/profil/nahrana-videa:0
[  915799ms] [WARNING] The resource https://prehraj.to/assets/fonts/opensans-extrabold.woff2 was preloaded using link preload but not used within a few seconds from the window's load event. Please make sure it has an appropriate `as` value and it is preloaded intentionally. @ https://prehraj.to/profil/nahrana-videa:0
[  915799ms] [WARNING] The resource https://prehraj.to/assets/fonts/opensans-bold.woff2 was preloaded using link preload but not used within a few seconds from the window's load event. Please make sure it has an appropriate `as` value and it is preloaded intentionally. @ https://prehraj.to/profil/nahrana-videa:0
[  915799ms] [WARNING] The resource https://prehraj.to/assets/fonts/opensans-regular.woff2 was preloaded using link preload but not used within a few seconds from the window's load event. Please make sure it has an appropriate `as` value and it is preloaded intentionally. @ https://prehraj.to/profil/nahrana-videa:0
[  915799ms] [WARNING] The resource https://prehraj.to/assets/fonts/opensans-light.woff2 was preloaded using link preload but not used within a few seconds from the window's load event. Please make sure it has an appropriate `as` value and it is preloaded intentionally. @ https://prehraj.to/profil/nahrana-videa:0
[  929300ms] [LOG] page loaded selectbox @ https://prehraj.to/public/build/select-box-it.ab498628.js:1
[  929326ms] [VERBOSE] [DOM] Input elements should have autocomplete attributes (suggested: "current-password"): (More info: https://www.chromium.org/developers/design-documents/create-amazing-password-forms) %o @ https://prehraj.to/profil/nahrana-videa:0
[  934006ms] [WARNING] The resource https://prehraj.to/assets/fonts/opensans-extrabold.woff2 was preloaded using link preload but not used within a few seconds from the window's load event. Please make sure it has an appropriate `as` value and it is preloaded intentionally. @ https://prehraj.to/profil/nahrana-videa:0
[  934006ms] [WARNING] The resource https://prehraj.to/assets/fonts/opensans-bold.woff2 was preloaded using link preload but not used within a few seconds from the window's load event. Please make sure it has an appropriate `as` value and it is preloaded intentionally. @ https://prehraj.to/profil/nahrana-videa:0
[  934006ms] [WARNING] The resource https://prehraj.to/assets/fonts/opensans-regular.woff2 was preloaded using link preload but not used within a few seconds from the window's load event. Please make sure it has an appropriate `as` value and it is preloaded intentionally. @ https://prehraj.to/profil/nahrana-videa:0
[  934006ms] [WARNING] The resource https://prehraj.to/assets/fonts/opensans-light.woff2 was preloaded using link preload but not used within a few seconds from the window's load event. Please make sure it has an appropriate `as` value and it is preloaded intentionally. @ https://prehraj.to/profil/nahrana-videa:0
[  937313ms] [WARNING] The resource https://prehraj.to/assets/fonts/opensans-extrabold.woff2 was preloaded using link preload but not used within a few seconds from the window's load event. Please make sure it has an appropriate `as` value and it is preloaded intentionally. @ https://prehraj.to/profil/nahrana-videa:0
[  937313ms] [WARNING] The resource https://prehraj.to/assets/fonts/opensans-bold.woff2 was preloaded using link preload but not used within a few seconds from the window's load event. Please make sure it has an appropriate `as` value and it is preloaded intentionally. @ https://prehraj.to/profil/nahrana-videa:0
[  937313ms] [WARNING] The resource https://prehraj.to/assets/fonts/opensans-regular.woff2 was preloaded using link preload but not used within a few seconds from the window's load event. Please make sure it has an appropriate `as` value and it is preloaded intentionally. @ https://prehraj.to/profil/nahrana-videa:0
[  937313ms] [WARNING] The resource https://prehraj.to/assets/fonts/opensans-light.woff2 was preloaded using link preload but not used within a few seconds from the window's load event. Please make sure it has an appropriate `as` value and it is preloaded intentionally. @ https://prehraj.to/profil/nahrana-videa:0
[  958298ms] [WARNING] The resource https://prehraj.to/assets/fonts/opensans-extrabold.woff2 was preloaded using link preload but not used within a few seconds from the window's load event. Please make sure it has an appropriate `as` value and it is preloaded intentionally. @ https://prehraj.to/profil/nahrana-videa:0
[  958298ms] [WARNING] The resource https://prehraj.to/assets/fonts/opensans-bold.woff2 was preloaded using link preload but not used within a few seconds from the window's load event. Please make sure it has an appropriate `as` value and it is preloaded intentionally. @ https://prehraj.to/profil/nahrana-videa:0
[  958298ms] [WARNING] The resource https://prehraj.to/assets/fonts/opensans-regular.woff2 was preloaded using link preload but not used within a few seconds from the window's load event. Please make sure it has an appropriate `as` value and it is preloaded intentionally. @ https://prehraj.to/profil/nahrana-videa:0
[  958298ms] [WARNING] The resource https://prehraj.to/assets/fonts/opensans-light.woff2 was preloaded using link preload but not used within a few seconds from the window's load event. Please make sure it has an appropriate `as` value and it is preloaded intentionally. @ https://prehraj.to/profil/nahrana-videa:0
[ 1043691ms] [VERBOSE] [DOM] Input elements should have autocomplete attributes (suggested: "current-password"): (More info: https://www.chromium.org/developers/design-documents/create-amazing-password-forms) %o @ https://prehraj.to/profil/statistiky:0
[ 1048405ms] [WARNING] The resource https://prehraj.to/assets/fonts/opensans-extrabold.woff2 was preloaded using link preload but not used within a few seconds from the window's load event. Please make sure it has an appropriate `as` value and it is preloaded intentionally. @ https://prehraj.to/profil/statistiky:0
[ 1048405ms] [WARNING] The resource https://prehraj.to/assets/fonts/opensans-bold.woff2 was preloaded using link preload but not used within a few seconds from the window's load event. Please make sure it has an appropriate `as` value and it is preloaded intentionally. @ https://prehraj.to/profil/statistiky:0
[ 1048405ms] [WARNING] The resource https://prehraj.to/assets/fonts/opensans-regular.woff2 was preloaded using link preload but not used within a few seconds from the window's load event. Please make sure it has an appropriate `as` value and it is preloaded intentionally. @ https://prehraj.to/profil/statistiky:0
[ 1048405ms] [WARNING] The resource https://prehraj.to/assets/fonts/opensans-light.woff2 was preloaded using link preload but not used within a few seconds from the window's load event. Please make sure it has an appropriate `as` value and it is preloaded intentionally. @ https://prehraj.to/profil/statistiky:0
[ 1051771ms] [WARNING] The resource https://prehraj.to/assets/fonts/opensans-extrabold.woff2 was preloaded using link preload but not used within a few seconds from the window's load event. Please make sure it has an appropriate `as` value and it is preloaded intentionally. @ https://prehraj.to/profil/statistiky:0
[ 1051771ms] [WARNING] The resource https://prehraj.to/assets/fonts/opensans-bold.woff2 was preloaded using link preload but not used within a few seconds from the window's load event. Please make sure it has an appropriate `as` value and it is preloaded intentionally. @ https://prehraj.to/profil/statistiky:0
[ 1051771ms] [WARNING] The resource https://prehraj.to/assets/fonts/opensans-regular.woff2 was preloaded using link preload but not used within a few seconds from the window's load event. Please make sure it has an appropriate `as` value and it is preloaded intentionally. @ https://prehraj.to/profil/statistiky:0
[ 1051771ms] [WARNING] The resource https://prehraj.to/assets/fonts/opensans-light.woff2 was preloaded using link preload but not used within a few seconds from the window's load event. Please make sure it has an appropriate `as` value and it is preloaded intentionally. @ https://prehraj.to/profil/statistiky:0
[ 1219436ms] [WARNING] The resource https://prehraj.to/assets/fonts/opensans-extrabold.woff2 was preloaded using link preload but not used within a few seconds from the window's load event. Please make sure it has an appropriate `as` value and it is preloaded intentionally. @ https://prehraj.to/profil/statistiky:0
[ 1219436ms] [WARNING] The resource https://prehraj.to/assets/fonts/opensans-bold.woff2 was preloaded using link preload but not used within a few seconds from the window's load event. Please make sure it has an appropriate `as` value and it is preloaded intentionally. @ https://prehraj.to/profil/statistiky:0
[ 1219436ms] [WARNING] The resource https://prehraj.to/assets/fonts/opensans-regular.woff2 was preloaded using link preload but not used within a few seconds from the window's load event. Please make sure it has an appropriate `as` value and it is preloaded intentionally. @ https://prehraj.to/profil/statistiky:0
[ 1219436ms] [WARNING] The resource https://prehraj.to/assets/fonts/opensans-light.woff2 was preloaded using link preload but not used within a few seconds from the window's load event. Please make sure it has an appropriate `as` value and it is preloaded intentionally. @ https://prehraj.to/profil/statistiky:0
[ 1219969ms] [LOG] page loaded selectbox @ https://prehraj.to/public/build/select-box-it.ab498628.js:1
[ 1219996ms] [VERBOSE] [DOM] Input elements should have autocomplete attributes (suggested: "current-password"): (More info: https://www.chromium.org/developers/design-documents/create-amazing-password-forms) %o @ https://prehraj.to/profil/nahrana-videa:0
[ 1228081ms] [WARNING] The resource https://prehraj.to/assets/fonts/opensans-extrabold.woff2 was preloaded using link preload but not used within a few seconds from the window's load event. Please make sure it has an appropriate `as` value and it is preloaded intentionally. @ https://prehraj.to/profil/nahrana-videa:0
[ 1228081ms] [WARNING] The resource https://prehraj.to/assets/fonts/opensans-bold.woff2 was preloaded using link preload but not used within a few seconds from the window's load event. Please make sure it has an appropriate `as` value and it is preloaded intentionally. @ https://prehraj.to/profil/nahrana-videa:0
[ 1228081ms] [WARNING] The resource https://prehraj.to/assets/fonts/opensans-regular.woff2 was preloaded using link preload but not used within a few seconds from the window's load event. Please make sure it has an appropriate `as` value and it is preloaded intentionally. @ https://prehraj.to/profil/nahrana-videa:0
[ 1228081ms] [WARNING] The resource https://prehraj.to/assets/fonts/opensans-light.woff2 was preloaded using link preload but not used within a few seconds from the window's load event. Please make sure it has an appropriate `as` value and it is preloaded intentionally. @ https://prehraj.to/profil/nahrana-videa:0
[ 1688189ms] [LOG] page loaded selectbox @ https://prehraj.to/public/build/select-box-it.ab498628.js:1
[ 1688217ms] [VERBOSE] [DOM] Input elements should have autocomplete attributes (suggested: "current-password"): (More info: https://www.chromium.org/developers/design-documents/create-amazing-password-forms) %o @ https://prehraj.to/profil/nahrana-videa:0
[ 1696374ms] [WARNING] The resource https://prehraj.to/assets/fonts/opensans-extrabold.woff2 was preloaded using link preload but not used within a few seconds from the window's load event. Please make sure it has an appropriate `as` value and it is preloaded intentionally. @ https://prehraj.to/profil/nahrana-videa:0
[ 1696374ms] [WARNING] The resource https://prehraj.to/assets/fonts/opensans-bold.woff2 was preloaded using link preload but not used within a few seconds from the window's load event. Please make sure it has an appropriate `as` value and it is preloaded intentionally. @ https://prehraj.to/profil/nahrana-videa:0
[ 1696374ms] [WARNING] The resource https://prehraj.to/assets/fonts/opensans-regular.woff2 was preloaded using link preload but not used within a few seconds from the window's load event. Please make sure it has an appropriate `as` value and it is preloaded intentionally. @ https://prehraj.to/profil/nahrana-videa:0
[ 1696374ms] [WARNING] The resource https://prehraj.to/assets/fonts/opensans-light.woff2 was preloaded using link preload but not used within a few seconds from the window's load event. Please make sure it has an appropriate `as` value and it is preloaded intentionally. @ https://prehraj.to/profil/nahrana-videa:0
[ 1765202ms] [LOG] page loaded selectbox @ https://prehraj.to/public/build/select-box-it.ab498628.js:1
[ 1765229ms] [VERBOSE] [DOM] Input elements should have autocomplete attributes (suggested: "current-password"): (More info: https://www.chromium.org/developers/design-documents/create-amazing-password-forms) %o @ https://prehraj.to/profil/nahrana-videa:0
[ 1769938ms] [WARNING] The resource https://prehraj.to/assets/fonts/opensans-extrabold.woff2 was preloaded using link preload but not used within a few seconds from the window's load event. Please make sure it has an appropriate `as` value and it is preloaded intentionally. @ https://prehraj.to/profil/nahrana-videa:0
[ 1769938ms] [WARNING] The resource https://prehraj.to/assets/fonts/opensans-bold.woff2 was preloaded using link preload but not used within a few seconds from the window's load event. Please make sure it has an appropriate `as` value and it is preloaded intentionally. @ https://prehraj.to/profil/nahrana-videa:0
[ 1769938ms] [WARNING] The resource https://prehraj.to/assets/fonts/opensans-regular.woff2 was preloaded using link preload but not used within a few seconds from the window's load event. Please make sure it has an appropriate `as` value and it is preloaded intentionally. @ https://prehraj.to/profil/nahrana-videa:0
[ 1769939ms] [WARNING] The resource https://prehraj.to/assets/fonts/opensans-light.woff2 was preloaded using link preload but not used within a few seconds from the window's load event. Please make sure it has an appropriate `as` value and it is preloaded intentionally. @ https://prehraj.to/profil/nahrana-videa:0
[ 1773209ms] [WARNING] The resource https://prehraj.to/assets/fonts/opensans-extrabold.woff2 was preloaded using link preload but not used within a few seconds from the window's load event. Please make sure it has an appropriate `as` value and it is preloaded intentionally. @ https://prehraj.to/profil/nahrana-videa:0
[ 1773209ms] [WARNING] The resource https://prehraj.to/assets/fonts/opensans-bold.woff2 was preloaded using link preload but not used within a few seconds from the window's load event. Please make sure it has an appropriate `as` value and it is preloaded intentionally. @ https://prehraj.to/profil/nahrana-videa:0
[ 1773209ms] [WARNING] The resource https://prehraj.to/assets/fonts/opensans-regular.woff2 was preloaded using link preload but not used within a few seconds from the window's load event. Please make sure it has an appropriate `as` value and it is preloaded intentionally. @ https://prehraj.to/profil/nahrana-videa:0
[ 1773209ms] [WARNING] The resource https://prehraj.to/assets/fonts/opensans-light.woff2 was preloaded using link preload but not used within a few seconds from the window's load event. Please make sure it has an appropriate `as` value and it is preloaded intentionally. @ https://prehraj.to/profil/nahrana-videa:0
[ 1899940ms] [WARNING] The resource https://prehraj.to/assets/fonts/opensans-extrabold.woff2 was preloaded using link preload but not used within a few seconds from the window's load event. Please make sure it has an appropriate `as` value and it is preloaded intentionally. @ https://prehraj.to/profil/nahrana-videa:0
[ 1899940ms] [WARNING] The resource https://prehraj.to/assets/fonts/opensans-bold.woff2 was preloaded using link preload but not used within a few seconds from the window's load event. Please make sure it has an appropriate `as` value and it is preloaded intentionally. @ https://prehraj.to/profil/nahrana-videa:0
[ 1899940ms] [WARNING] The resource https://prehraj.to/assets/fonts/opensans-regular.woff2 was preloaded using link preload but not used within a few seconds from the window's load event. Please make sure it has an appropriate `as` value and it is preloaded intentionally. @ https://prehraj.to/profil/nahrana-videa:0
[ 1899940ms] [WARNING] The resource https://prehraj.to/assets/fonts/opensans-light.woff2 was preloaded using link preload but not used within a few seconds from the window's load event. Please make sure it has an appropriate `as` value and it is preloaded intentionally. @ https://prehraj.to/profil/nahrana-videa:0
