[     198ms] [LOG] page loaded selectbox @ https://prehraj.to/public/build/select-box-it.ab498628.js:1
[     222ms] [VERBOSE] [DOM] Input elements should have autocomplete attributes (suggested: "current-password"): (More info: https://www.chromium.org/developers/design-documents/create-amazing-password-forms) %o @ https://prehraj.to/profil/nahrana-videa:0
[    8317ms] [WARNING] The resource https://prehraj.to/assets/fonts/opensans-extrabold.woff2 was preloaded using link preload but not used within a few seconds from the window's load event. Please make sure it has an appropriate `as` value and it is preloaded intentionally. @ https://prehraj.to/profil/nahrana-videa:0
[    8317ms] [WARNING] The resource https://prehraj.to/assets/fonts/opensans-bold.woff2 was preloaded using link preload but not used within a few seconds from the window's load event. Please make sure it has an appropriate `as` value and it is preloaded intentionally. @ https://prehraj.to/profil/nahrana-videa:0
[    8317ms] [WARNING] The resource https://prehraj.to/assets/fonts/opensans-regular.woff2 was preloaded using link preload but not used within a few seconds from the window's load event. Please make sure it has an appropriate `as` value and it is preloaded intentionally. @ https://prehraj.to/profil/nahrana-videa:0
[    8317ms] [WARNING] The resource https://prehraj.to/assets/fonts/opensans-light.woff2 was preloaded using link preload but not used within a few seconds from the window's load event. Please make sure it has an appropriate `as` value and it is preloaded intentionally. @ https://prehraj.to/profil/nahrana-videa:0
[   13134ms] [VERBOSE] [DOM] Input elements should have autocomplete attributes (suggested: "new-password"): (More info: https://www.chromium.org/developers/design-documents/create-amazing-password-forms) %o @ https://prehraj.to/fabian-a-vrazedna-svatba-2026-cz-titulky-mp4/c7d08b8d4a80ed68:0
[   13134ms] [VERBOSE] [DOM] Input elements should have autocomplete attributes (suggested: "new-password"): (More info: https://www.chromium.org/developers/design-documents/create-amazing-password-forms) %o @ https://prehraj.to/fabian-a-vrazedna-svatba-2026-cz-titulky-mp4/c7d08b8d4a80ed68:0
[   13135ms] [VERBOSE] [DOM] Input elements should have autocomplete attributes (suggested: "current-password"): (More info: https://www.chromium.org/developers/design-documents/create-amazing-password-forms) %o @ https://prehraj.to/fabian-a-vrazedna-svatba-2026-cz-titulky-mp4/c7d08b8d4a80ed68:0
[   13135ms] [VERBOSE] [DOM] Input elements should have autocomplete attributes (suggested: "current-password"): (More info: https://www.chromium.org/developers/design-documents/create-amazing-password-forms) %o @ https://prehraj.to/fabian-a-vrazedna-svatba-2026-cz-titulky-mp4/c7d08b8d4a80ed68:0
[     198ms] [LOG] page loaded selectbox @ https://prehraj.to/public/build/select-box-it.ab498628.js:1
[     222ms] [VERBOSE] [DOM] Input elements should have autocomplete attributes (suggested: "current-password"): (More info: https://www.chromium.org/developers/design-documents/create-amazing-password-forms) %o @ https://prehraj.to/profil/nahrana-videa:0
[    8317ms] [WARNING] The resource https://prehraj.to/assets/fonts/opensans-extrabold.woff2 was preloaded using link preload but not used within a few seconds from the window's load event. Please make sure it has an appropriate `as` value and it is preloaded intentionally. @ https://prehraj.to/profil/nahrana-videa:0
[    8317ms] [WARNING] The resource https://prehraj.to/assets/fonts/opensans-bold.woff2 was preloaded using link preload but not used within a few seconds from the window's load event. Please make sure it has an appropriate `as` value and it is preloaded intentionally. @ https://prehraj.to/profil/nahrana-videa:0
[    8317ms] [WARNING] The resource https://prehraj.to/assets/fonts/opensans-regular.woff2 was preloaded using link preload but not used within a few seconds from the window's load event. Please make sure it has an appropriate `as` value and it is preloaded intentionally. @ https://prehraj.to/profil/nahrana-videa:0
[    8317ms] [WARNING] The resource https://prehraj.to/assets/fonts/opensans-light.woff2 was preloaded using link preload but not used within a few seconds from the window's load event. Please make sure it has an appropriate `as` value and it is preloaded intentionally. @ https://prehraj.to/profil/nahrana-videa:0
[   17929ms] [WARNING] The resource https://prehraj.to/assets/fonts/opensans-extrabold.woff2 was preloaded using link preload but not used within a few seconds from the window's load event. Please make sure it has an appropriate `as` value and it is preloaded intentionally. @ https://prehraj.to/profil/nahrana-videa:0
[   17929ms] [WARNING] The resource https://prehraj.to/assets/fonts/opensans-bold.woff2 was preloaded using link preload but not used within a few seconds from the window's load event. Please make sure it has an appropriate `as` value and it is preloaded intentionally. @ https://prehraj.to/profil/nahrana-videa:0
[   17929ms] [WARNING] The resource https://prehraj.to/assets/fonts/opensans-regular.woff2 was preloaded using link preload but not used within a few seconds from the window's load event. Please make sure it has an appropriate `as` value and it is preloaded intentionally. @ https://prehraj.to/profil/nahrana-videa:0
[   17929ms] [WARNING] The resource https://prehraj.to/assets/fonts/opensans-light.woff2 was preloaded using link preload but not used within a few seconds from the window's load event. Please make sure it has an appropriate `as` value and it is preloaded intentionally. @ https://prehraj.to/profil/nahrana-videa:0
[   52742ms] [WARNING] The resource https://prehraj.to/assets/fonts/opensans-extrabold.woff2 was preloaded using link preload but not used within a few seconds from the window's load event. Please make sure it has an appropriate `as` value and it is preloaded intentionally. @ https://prehraj.to/profil/nahrana-videa:0
[   52742ms] [WARNING] The resource https://prehraj.to/assets/fonts/opensans-bold.woff2 was preloaded using link preload but not used within a few seconds from the window's load event. Please make sure it has an appropriate `as` value and it is preloaded intentionally. @ https://prehraj.to/profil/nahrana-videa:0
[   52742ms] [WARNING] The resource https://prehraj.to/assets/fonts/opensans-regular.woff2 was preloaded using link preload but not used within a few seconds from the window's load event. Please make sure it has an appropriate `as` value and it is preloaded intentionally. @ https://prehraj.to/profil/nahrana-videa:0
[   52742ms] [WARNING] The resource https://prehraj.to/assets/fonts/opensans-light.woff2 was preloaded using link preload but not used within a few seconds from the window's load event. Please make sure it has an appropriate `as` value and it is preloaded intentionally. @ https://prehraj.to/profil/nahrana-videa:0
[  123244ms] [LOG] page loaded selectbox @ https://prehraj.to/public/build/select-box-it.ab498628.js:1
[  123270ms] [VERBOSE] [DOM] Input elements should have autocomplete attributes (suggested: "current-password"): (More info: https://www.chromium.org/developers/design-documents/create-amazing-password-forms) %o @ https://prehraj.to/profil/nahrana-videa?uploadedVideoListing-visualPaginator-page=3:0
[  127702ms] [LOG] page loaded selectbox @ https://prehraj.to/public/build/select-box-it.ab498628.js:1
[  127727ms] [VERBOSE] [DOM] Input elements should have autocomplete attributes (suggested: "current-password"): (More info: https://www.chromium.org/developers/design-documents/create-amazing-password-forms) %o @ https://prehraj.to/profil/nahrana-videa:0
[  132013ms] [WARNING] The resource https://prehraj.to/assets/fonts/opensans-extrabold.woff2 was preloaded using link preload but not used within a few seconds from the window's load event. Please make sure it has an appropriate `as` value and it is preloaded intentionally. @ https://prehraj.to/profil/nahrana-videa:0
[  132013ms] [WARNING] The resource https://prehraj.to/assets/fonts/opensans-bold.woff2 was preloaded using link preload but not used within a few seconds from the window's load event. Please make sure it has an appropriate `as` value and it is preloaded intentionally. @ https://prehraj.to/profil/nahrana-videa:0
[  132013ms] [WARNING] The resource https://prehraj.to/assets/fonts/opensans-regular.woff2 was preloaded using link preload but not used within a few seconds from the window's load event. Please make sure it has an appropriate `as` value and it is preloaded intentionally. @ https://prehraj.to/profil/nahrana-videa:0
[  132013ms] [WARNING] The resource https://prehraj.to/assets/fonts/opensans-light.woff2 was preloaded using link preload but not used within a few seconds from the window's load event. Please make sure it has an appropriate `as` value and it is preloaded intentionally. @ https://prehraj.to/profil/nahrana-videa:0
[  135817ms] [WARNING] The resource https://prehraj.to/assets/fonts/opensans-extrabold.woff2 was preloaded using link preload but not used within a few seconds from the window's load event. Please make sure it has an appropriate `as` value and it is preloaded intentionally. @ https://prehraj.to/profil/nahrana-videa:0
[  135817ms] [WARNING] The resource https://prehraj.to/assets/fonts/opensans-bold.woff2 was preloaded using link preload but not used within a few seconds from the window's load event. Please make sure it has an appropriate `as` value and it is preloaded intentionally. @ https://prehraj.to/profil/nahrana-videa:0
[  135817ms] [WARNING] The resource https://prehraj.to/assets/fonts/opensans-regular.woff2 was preloaded using link preload but not used within a few seconds from the window's load event. Please make sure it has an appropriate `as` value and it is preloaded intentionally. @ https://prehraj.to/profil/nahrana-videa:0
[  135817ms] [WARNING] The resource https://prehraj.to/assets/fonts/opensans-light.woff2 was preloaded using link preload but not used within a few seconds from the window's load event. Please make sure it has an appropriate `as` value and it is preloaded intentionally. @ https://prehraj.to/profil/nahrana-videa:0
[  158396ms] [VERBOSE] [DOM] Input elements should have autocomplete attributes (suggested: "current-password"): (More info: https://www.chromium.org/developers/design-documents/create-amazing-password-forms) %o @ https://prehraj.to/profil/statistiky:0
[  160527ms] [VERBOSE] [DOM] Input elements should have autocomplete attributes (suggested: "current-password"): (More info: https://www.chromium.org/developers/design-documents/create-amazing-password-forms) %o @ https://prehraj.to/profil/statistiky:0
[  164487ms] [LOG] page loaded selectbox @ https://prehraj.to/public/build/select-box-it.ab498628.js:1
[  164519ms] [VERBOSE] [DOM] Input elements should have autocomplete attributes (suggested: "current-password"): (More info: https://www.chromium.org/developers/design-documents/create-amazing-password-forms) %o @ https://prehraj.to/profil/nahrana-videa:0
[  170570ms] [LOG] page loaded selectbox @ https://prehraj.to/public/build/select-box-it.ab498628.js:1
[  170594ms] [VERBOSE] [DOM] Input elements should have autocomplete attributes (suggested: "current-password"): (More info: https://www.chromium.org/developers/design-documents/create-amazing-password-forms) %o @ https://prehraj.to/profil/nahrana-videa:0
[  173619ms] [LOG] page loaded selectbox @ https://prehraj.to/public/build/select-box-it.ab498628.js:1
[  173642ms] [VERBOSE] [DOM] Input elements should have autocomplete attributes (suggested: "current-password"): (More info: https://www.chromium.org/developers/design-documents/create-amazing-password-forms) %o @ https://prehraj.to/profil/nahrana-videa:0
[  177931ms] [WARNING] The resource https://prehraj.to/assets/fonts/opensans-extrabold.woff2 was preloaded using link preload but not used within a few seconds from the window's load event. Please make sure it has an appropriate `as` value and it is preloaded intentionally. @ https://prehraj.to/profil/nahrana-videa:0
[  177931ms] [WARNING] The resource https://prehraj.to/assets/fonts/opensans-bold.woff2 was preloaded using link preload but not used within a few seconds from the window's load event. Please make sure it has an appropriate `as` value and it is preloaded intentionally. @ https://prehraj.to/profil/nahrana-videa:0
[  177931ms] [WARNING] The resource https://prehraj.to/assets/fonts/opensans-regular.woff2 was preloaded using link preload but not used within a few seconds from the window's load event. Please make sure it has an appropriate `as` value and it is preloaded intentionally. @ https://prehraj.to/profil/nahrana-videa:0
[  177931ms] [WARNING] The resource https://prehraj.to/assets/fonts/opensans-light.woff2 was preloaded using link preload but not used within a few seconds from the window's load event. Please make sure it has an appropriate `as` value and it is preloaded intentionally. @ https://prehraj.to/profil/nahrana-videa:0
[  181652ms] [WARNING] The resource https://prehraj.to/assets/fonts/opensans-extrabold.woff2 was preloaded using link preload but not used within a few seconds from the window's load event. Please make sure it has an appropriate `as` value and it is preloaded intentionally. @ https://prehraj.to/profil/nahrana-videa:0
[  181652ms] [WARNING] The resource https://prehraj.to/assets/fonts/opensans-bold.woff2 was preloaded using link preload but not used within a few seconds from the window's load event. Please make sure it has an appropriate `as` value and it is preloaded intentionally. @ https://prehraj.to/profil/nahrana-videa:0
[  181652ms] [WARNING] The resource https://prehraj.to/assets/fonts/opensans-regular.woff2 was preloaded using link preload but not used within a few seconds from the window's load event. Please make sure it has an appropriate `as` value and it is preloaded intentionally. @ https://prehraj.to/profil/nahrana-videa:0
[  181652ms] [WARNING] The resource https://prehraj.to/assets/fonts/opensans-light.woff2 was preloaded using link preload but not used within a few seconds from the window's load event. Please make sure it has an appropriate `as` value and it is preloaded intentionally. @ https://prehraj.to/profil/nahrana-videa:0
[  198066ms] [WARNING] The resource https://prehraj.to/assets/fonts/opensans-extrabold.woff2 was preloaded using link preload but not used within a few seconds from the window's load event. Please make sure it has an appropriate `as` value and it is preloaded intentionally. @ https://prehraj.to/profil/nahrana-videa:0
[  198066ms] [WARNING] The resource https://prehraj.to/assets/fonts/opensans-bold.woff2 was preloaded using link preload but not used within a few seconds from the window's load event. Please make sure it has an appropriate `as` value and it is preloaded intentionally. @ https://prehraj.to/profil/nahrana-videa:0
[  198066ms] [WARNING] The resource https://prehraj.to/assets/fonts/opensans-regular.woff2 was preloaded using link preload but not used within a few seconds from the window's load event. Please make sure it has an appropriate `as` value and it is preloaded intentionally. @ https://prehraj.to/profil/nahrana-videa:0
[  198066ms] [WARNING] The resource https://prehraj.to/assets/fonts/opensans-light.woff2 was preloaded using link preload but not used within a few seconds from the window's load event. Please make sure it has an appropriate `as` value and it is preloaded intentionally. @ https://prehraj.to/profil/nahrana-videa:0
[  202272ms] [LOG] page loaded selectbox @ https://prehraj.to/public/build/select-box-it.ab498628.js:1
[  202297ms] [VERBOSE] [DOM] Input elements should have autocomplete attributes (suggested: "current-password"): (More info: https://www.chromium.org/developers/design-documents/create-amazing-password-forms) %o @ https://prehraj.to/profil/nahrana-videa:0
[  206726ms] [LOG] page loaded selectbox @ https://prehraj.to/public/build/select-box-it.ab498628.js:1
[  206752ms] [VERBOSE] [DOM] Input elements should have autocomplete attributes (suggested: "current-password"): (More info: https://www.chromium.org/developers/design-documents/create-amazing-password-forms) %o @ https://prehraj.to/profil/nahrana-videa?uploadedVideoListing-visualPaginator-page=4:0
[  209959ms] [LOG] page loaded selectbox @ https://prehraj.to/public/build/select-box-it.ab498628.js:1
[  209983ms] [VERBOSE] [DOM] Input elements should have autocomplete attributes (suggested: "current-password"): (More info: https://www.chromium.org/developers/design-documents/create-amazing-password-forms) %o @ https://prehraj.to/profil/nahrana-videa:0
[  213325ms] [VERBOSE] [DOM] Input elements should have autocomplete attributes (suggested: "current-password"): (More info: https://www.chromium.org/developers/design-documents/create-amazing-password-forms) %o @ https://prehraj.to/profil/statistiky:0
[  219888ms] [VERBOSE] [DOM] Input elements should have autocomplete attributes (suggested: "current-password"): (More info: https://www.chromium.org/developers/design-documents/create-amazing-password-forms) %o @ https://prehraj.to/profil/statistiky:0
[  224223ms] [WARNING] The resource https://prehraj.to/assets/fonts/opensans-extrabold.woff2 was preloaded using link preload but not used within a few seconds from the window's load event. Please make sure it has an appropriate `as` value and it is preloaded intentionally. @ https://prehraj.to/profil/statistiky:0
[  224223ms] [WARNING] The resource https://prehraj.to/assets/fonts/opensans-bold.woff2 was preloaded using link preload but not used within a few seconds from the window's load event. Please make sure it has an appropriate `as` value and it is preloaded intentionally. @ https://prehraj.to/profil/statistiky:0
[  224223ms] [WARNING] The resource https://prehraj.to/assets/fonts/opensans-regular.woff2 was preloaded using link preload but not used within a few seconds from the window's load event. Please make sure it has an appropriate `as` value and it is preloaded intentionally. @ https://prehraj.to/profil/statistiky:0
[  224223ms] [WARNING] The resource https://prehraj.to/assets/fonts/opensans-light.woff2 was preloaded using link preload but not used within a few seconds from the window's load event. Please make sure it has an appropriate `as` value and it is preloaded intentionally. @ https://prehraj.to/profil/statistiky:0
[  227952ms] [WARNING] The resource https://prehraj.to/assets/fonts/opensans-extrabold.woff2 was preloaded using link preload but not used within a few seconds from the window's load event. Please make sure it has an appropriate `as` value and it is preloaded intentionally. @ https://prehraj.to/profil/statistiky:0
[  227952ms] [WARNING] The resource https://prehraj.to/assets/fonts/opensans-bold.woff2 was preloaded using link preload but not used within a few seconds from the window's load event. Please make sure it has an appropriate `as` value and it is preloaded intentionally. @ https://prehraj.to/profil/statistiky:0
[  227952ms] [WARNING] The resource https://prehraj.to/assets/fonts/opensans-regular.woff2 was preloaded using link preload but not used within a few seconds from the window's load event. Please make sure it has an appropriate `as` value and it is preloaded intentionally. @ https://prehraj.to/profil/statistiky:0
[  227952ms] [WARNING] The resource https://prehraj.to/assets/fonts/opensans-light.woff2 was preloaded using link preload but not used within a few seconds from the window's load event. Please make sure it has an appropriate `as` value and it is preloaded intentionally. @ https://prehraj.to/profil/statistiky:0
[  474450ms] [VERBOSE] [DOM] Input elements should have autocomplete attributes (suggested: "current-password"): (More info: https://www.chromium.org/developers/design-documents/create-amazing-password-forms) %o @ https://prehraj.to/profil/statistiky:0
[  482509ms] [WARNING] The resource https://prehraj.to/assets/fonts/opensans-extrabold.woff2 was preloaded using link preload but not used within a few seconds from the window's load event. Please make sure it has an appropriate `as` value and it is preloaded intentionally. @ https://prehraj.to/profil/statistiky:0
[  482509ms] [WARNING] The resource https://prehraj.to/assets/fonts/opensans-bold.woff2 was preloaded using link preload but not used within a few seconds from the window's load event. Please make sure it has an appropriate `as` value and it is preloaded intentionally. @ https://prehraj.to/profil/statistiky:0
[  482509ms] [WARNING] The resource https://prehraj.to/assets/fonts/opensans-regular.woff2 was preloaded using link preload but not used within a few seconds from the window's load event. Please make sure it has an appropriate `as` value and it is preloaded intentionally. @ https://prehraj.to/profil/statistiky:0
[  482509ms] [WARNING] The resource https://prehraj.to/assets/fonts/opensans-light.woff2 was preloaded using link preload but not used within a few seconds from the window's load event. Please make sure it has an appropriate `as` value and it is preloaded intentionally. @ https://prehraj.to/profil/statistiky:0
[  483329ms] [LOG] page loaded selectbox @ https://prehraj.to/public/build/select-box-it.ab498628.js:1
[  483355ms] [VERBOSE] [DOM] Input elements should have autocomplete attributes (suggested: "current-password"): (More info: https://www.chromium.org/developers/design-documents/create-amazing-password-forms) %o @ https://prehraj.to/profil/nahrana-videa:0
[  488798ms] [LOG] page loaded selectbox @ https://prehraj.to/public/build/select-box-it.ab498628.js:1
[  488823ms] [VERBOSE] [DOM] Input elements should have autocomplete attributes (suggested: "current-password"): (More info: https://www.chromium.org/developers/design-documents/create-amazing-password-forms) %o @ https://prehraj.to/profil/nahrana-videa:0
[  494122ms] [LOG] page loaded selectbox @ https://prehraj.to/public/build/select-box-it.ab498628.js:1
[  494145ms] [VERBOSE] [DOM] Input elements should have autocomplete attributes (suggested: "current-password"): (More info: https://www.chromium.org/developers/design-documents/create-amazing-password-forms) %o @ https://prehraj.to/profil/nahrana-videa?uploadedVideoListing-visualPaginator-page=2:0
[  502222ms] [WARNING] The resource https://prehraj.to/assets/fonts/opensans-extrabold.woff2 was preloaded using link preload but not used within a few seconds from the window's load event. Please make sure it has an appropriate `as` value and it is preloaded intentionally. @ https://prehraj.to/profil/nahrana-videa?uploadedVideoListing-visualPaginator-page=2:0
[  502222ms] [WARNING] The resource https://prehraj.to/assets/fonts/opensans-bold.woff2 was preloaded using link preload but not used within a few seconds from the window's load event. Please make sure it has an appropriate `as` value and it is preloaded intentionally. @ https://prehraj.to/profil/nahrana-videa?uploadedVideoListing-visualPaginator-page=2:0
[  502222ms] [WARNING] The resource https://prehraj.to/assets/fonts/opensans-regular.woff2 was preloaded using link preload but not used within a few seconds from the window's load event. Please make sure it has an appropriate `as` value and it is preloaded intentionally. @ https://prehraj.to/profil/nahrana-videa?uploadedVideoListing-visualPaginator-page=2:0
[  502222ms] [WARNING] The resource https://prehraj.to/assets/fonts/opensans-light.woff2 was preloaded using link preload but not used within a few seconds from the window's load event. Please make sure it has an appropriate `as` value and it is preloaded intentionally. @ https://prehraj.to/profil/nahrana-videa?uploadedVideoListing-visualPaginator-page=2:0
