
===== subs run 2026-04-24T10:43:23Z count=0 only=0 (https://github.com/Olbrasoft/sledujtetocz-to-prehrajto/actions/runs/24885414997) =====
[10:43:24] step=batch-start candidates=634 total_uploads=635
[10:43:24] step=login
[10:43:26] step=login done
[10:43:26] step=iteration 1/634
[10:43:26] step=subtitle start upload_id=100943 video_id=24087324 title='Fabian a vražedná svatba'
[10:43:28]   uploading sub #0 (72647 B) as 'Fabian-Und-Die-Morderische-Hochzeit--2026---720p---WEBRip---YTS-BZ--cz.srt'
[10:43:28]   ✓ uploaded sub #0
[10:43:29] step=iteration 2/634
[10:43:29] step=iteration 3/634
[10:43:30] step=iteration 4/634
[10:43:30] step=subtitle start upload_id=93517 video_id=24087710 title='Nepřátelé'
[10:43:32]   uploading sub #0 (66240 B) as 'Enemigos--415229-.srt'
[10:43:32]   ✓ uploaded sub #0
[10:43:33] step=iteration 5/634
[10:43:33] step=subtitle start upload_id=74915 video_id=24087741 title='From Darkness to Light'
[10:43:35]   uploading sub #0 (40475 B) as 'From-Darkness-0000401954-.srt'
[10:43:36]   ✓ uploaded sub #0
[10:43:37] step=iteration 6/634
[10:43:37] step=subtitle start upload_id=91319 video_id=24087885 title='Frozen: The Hit Broadway Musical'
[10:43:38]   uploading sub #0 (102699 B) as 'Frozen-The-Hit-Broadway-Musical-2025-1080p-WEB-EAC3-DDP5-1-Atmos-H264-EDITH-cze.srt'
[10:43:39]   ✓ uploaded sub #0
[10:43:39] step=iteration 7/634
[10:43:39] step=subtitle start upload_id=96841 video_id=24087916 title='Strange Harvest'
[10:43:41]   uploading sub #0 (104639 B) as 'Strange-Harvest-0000418326---1-.srt'
[10:43:42]   ✓ uploaded sub #0
[10:43:43] step=iteration 8/634
[10:43:43] step=subtitle start upload_id=86342 video_id=24087942 title='Umami'
[10:43:44]   uploading sub #0 (110836 B) as 'Umami-2025-1080p-WEBRip-x264-AAC5-1--YTS-MX-.srt'
[10:43:45]   ✓ uploaded sub #0
[10:43:46] step=iteration 9/634
[10:43:46] step=subtitle start upload_id=94127 video_id=24087963 title='Akademie pro padouchy'
[10:43:47]   uploading sub #0 (92517 B) as 'Czech-cze.srt'
[10:43:48]   ✓ uploaded sub #0
[10:43:48] step=iteration 10/634
[10:43:48] step=subtitle start upload_id=88855 video_id=24088013 title='Z chládku na led'
[10:43:50]   uploading sub #0 (85127 B) as 'Frozen-Hot-Boys-2025-1080p-WEB-h264-EDITH-cze.srt'
[10:43:50]   ✓ uploaded sub #0
[10:43:51] step=iteration 11/634
[10:43:51] step=iteration 12/634
[10:43:52] step=iteration 13/634
[10:43:52] step=iteration 14/634
[10:43:52] step=subtitle start upload_id=92362 video_id=24088159 title='Simple Plan: The Kids in the Crowd'
[10:43:54]   uploading sub #0 (107703 B) as 'Simple-Plan-The-Kids-in-the-Crowd-2025-HD-cze.srt'
[10:43:55]   ✓ uploaded sub #0
[10:43:56] step=iteration 15/634
[10:43:56] step=iteration 16/634
[10:43:57] step=iteration 17/634
[10:43:57] step=subtitle start upload_id=95751 video_id=24088199 title='Čas, co nám zbývá'
[10:43:58]   uploading sub #0 (63508 B) as 'The-Time-That-Remains--416988-.srt'
[10:43:59]   ✓ uploaded sub #0
[10:44:00] step=iteration 18/634
[10:44:00] step=iteration 19/634
[10:44:00] step=subtitle start upload_id=98232 video_id=24088233 title='The Lost Chapter: Yuki's Revenge'
[10:44:01]   uploading sub #0 (4768 B) as 'The-Lost-Chapter-Yukis-Revenge-2025.srt'
[10:44:02]   ✓ uploaded sub #0
[10:44:02] step=iteration 20/634
[10:44:03] step=iteration 21/634
[10:44:03] step=iteration 22/634
[10:44:04] step=iteration 23/634
[10:44:04] step=subtitle start upload_id=79004 video_id=24088360 title='Poslední ženy moře'
[10:44:06]   uploading sub #0 (70471 B) as 'The-Last-of-the-Sea-Women--404682-.srt'
[10:44:07]   ✓ uploaded sub #0
[10:44:07] step=iteration 24/634
[10:44:07] step=subtitle start upload_id=71441 video_id=24088394 title='Un hipster en la España vacía'
[10:44:09]   uploading sub #0 (100864 B) as 'Un-Hipster-en-la-Espana-Vacia-2024-1080p-AMZN-WEB-DL-DDP5-1-H-264-PSTX-cze.srt'
[10:44:10]   ✓ uploaded sub #0
[10:44:10] step=iteration 25/634
[10:44:10] step=subtitle start upload_id=86214 video_id=24088426 title='Broken Rage'
[10:44:11]   uploading sub #0 (33645 B) as 'Broken-Rage--408766-.srt'
[10:44:12]   ✓ uploaded sub #0
[10:44:12] step=iteration 26/634
[10:44:13] step=iteration 27/634
[10:44:13] step=subtitle start upload_id=84428 video_id=24088567 title='Escape'
[10:44:15]   uploading sub #0 (44047 B) as 'Escape--407572-.srt'
[10:44:15]   ✓ uploaded sub #0
[10:44:16] step=iteration 28/634
[10:44:16] step=subtitle start upload_id=74666 video_id=24088623 title='Mahárádža'
[10:44:17]   uploading sub #0 (95045 B) as 'Maharaj--401506-.srt'
[10:44:18]   ✓ uploaded sub #0
[10:44:18] step=iteration 29/634
[10:44:18] step=subtitle start upload_id=77977 video_id=24088661 title='Bílá odvaha'
[10:44:20]   uploading sub #0 (53690 B) as 'Biala-odwaga-2024-PL-1080p-WEB-DL-x264-DDP5-1-FOX.srt'
[10:44:21]   ✓ uploaded sub #0
[10:44:21] step=iteration 30/634
[10:44:21] step=subtitle start upload_id=77321 video_id=24088706 title='Wallbanger'
[10:44:22]   uploading sub #0 (81073 B) as 'Wallbanger-2024-1080p-WEBRip-x264-AAC--YTS-MX--cze.srt'
[10:44:23]   ✓ uploaded sub #0
[10:44:23] step=iteration 31/634
[10:44:24] step=iteration 32/634
[10:44:24] step=subtitle start upload_id=69332 video_id=24088763 title='Pět rande naslepo'
[10:44:25]   uploading sub #0 (75411 B) as 'Five-Blind-Dates--397107-.srt'
[10:44:26]   ✓ uploaded sub #0
[10:44:27] step=iteration 33/634
[10:44:27] step=iteration 34/634
[10:44:27] step=subtitle start upload_id=75234 video_id=24088846 title='Divoký Paňdžáb'
[10:44:29]   uploading sub #0 (99625 B) as 'Wild-Wild-Punjab-0000402088-.srt'
[10:44:29]   ✓ uploaded sub #0
[10:44:30] step=iteration 35/634
[10:44:30] step=subtitle start upload_id=80567 video_id=24088906 title='विजय 69'
[10:44:31]   uploading sub #0 (81929 B) as 'Vijay-69--405595-.srt'
[10:44:32]   ✓ uploaded sub #0
[10:44:32] step=iteration 36/634
[10:44:32] step=subtitle start upload_id=84304 video_id=24088980 title='Cunk on Life'
[10:44:33]   uploading sub #0 (92187 B) as 'Cunk-On-Life-2024-1080p-WEBRip-x264-AAC5-1--YTS-MX--cze.srt'
[10:44:34]   ✓ uploaded sub #0
[10:44:34] step=iteration 37/634
[10:44:35] step=iteration 38/634
[10:44:35] step=subtitle start upload_id=78040 video_id=24089060 title='The Air He Breathes'
[10:44:36]   uploading sub #0 (66077 B) as 'The-Air-He-Breathes--403877-.srt'
[10:44:37]   ✓ uploaded sub #0
[10:44:38] step=iteration 39/634
[10:44:38] step=iteration 40/634
[10:44:38] step=subtitle start upload_id=77874 video_id=24089269 title='Život z druhý ruky'
[10:44:39]   uploading sub #0 (63926 B) as 'Tokunbo-2024--YTS-MX--cze.srt'
[10:44:40]   ✓ uploaded sub #0
[10:44:40] step=iteration 41/634
[10:44:41] step=iteration 42/634
[10:44:41] step=subtitle start upload_id=102974 video_id=24089443 title='Stín vítězství'
[10:44:42] step=iteration 43/634
[10:44:42] step=subtitle start upload_id=78272 video_id=24089524 title='Bangkok na hraně: Nebe i peklo'
[10:44:44]   uploading sub #0 (83270 B) as 'Bangkok-Breaking-Heaven-And-Hell-2024-1080p-WEBRip-x264-AAC5-1--YTS-MX--Czech.srt'
[10:44:44]   ✓ uploaded sub #0
[10:44:45] step=iteration 44/634
[10:44:45] step=iteration 45/634
[10:44:45] step=subtitle start upload_id=102179 video_id=24089628 title='The Cellar'
[10:44:46] step=iteration 46/634
[10:44:47] step=iteration 47/634
[10:44:47] step=iteration 48/634
[10:44:47] step=subtitle start upload_id=79387 video_id=24093132 title='Štěstí a tak'
[10:44:49]   uploading sub #0 (84479 B) as 'Happiness-Is--404887-.srt'
[10:44:50]   ✓ uploaded sub #0
[10:44:50] step=iteration 49/634
[10:44:51] step=iteration 50/634
[10:44:51] step=iteration 51/634
[10:44:52] step=iteration 52/634
[10:44:52] step=iteration 53/634
[10:44:53] step=iteration 54/634
[10:44:53] step=iteration 55/634
[10:44:54] step=iteration 56/634
[10:44:54] step=subtitle start upload_id=66530 video_id=24094204 title='Elfni mě'
[10:44:55]   uploading sub #0 (78551 B) as 'Elf-Me--394861-.srt'
[10:44:56]   ✓ uploaded sub #0
[10:44:56] step=iteration 57/634
[10:44:57] step=iteration 58/634
[10:44:58] step=iteration 59/634
[10:44:58] step=subtitle start upload_id=68285 video_id=24094503 title='Nultého června'
[10:44:59]   uploading sub #0 (72302 B) as 'June-Zero-0000396139-.srt'
[10:44:59]   ✓ uploaded sub #0
[10:45:00] step=iteration 60/634
[10:45:00] step=iteration 61/634
[10:45:00] step=subtitle start upload_id=61846 video_id=24094722 title='Vesnice'
[10:45:02]   uploading sub #0 (56861 B) as 'Village--389217-.srt'
[10:45:02]   ✓ uploaded sub #0
[10:45:03] step=iteration 62/634
[10:45:03] step=iteration 63/634
[10:45:03] step=subtitle start upload_id=61206 video_id=24094946 title='Oběť/Podezřelá'
[10:45:05]   uploading sub #0 (112710 B) as 'Victim-Suspect--388323-.srt'
[10:45:06]   ✓ uploaded sub #0
[10:45:06] step=iteration 64/634
[10:45:06] step=subtitle start upload_id=60644 video_id=24094995 title='Víkendový trapas'
[10:45:07]   uploading sub #0 (77614 B) as 'Fijn-weekend-0000386819-.srt'
[10:45:08]   ✓ uploaded sub #0
[10:45:09] step=iteration 65/634
[10:45:09] step=subtitle start upload_id=59480 video_id=24095044 title='Bono a The Edge A Sort of Homecoming s Davem Lettermanem'
[10:45:10]   uploading sub #0 (81613 B) as 'Bono.srt'
[10:45:10]   ✓ uploaded sub #0
[10:45:11] step=iteration 66/634
[10:45:11] step=iteration 67/634
[10:45:11] step=subtitle start upload_id=61639 video_id=24095151 title='Aha, já rostu!'
[10:45:13]   uploading sub #0 (76113 B) as 'The-Wonder-Weeks-2023-WEBRip-Netflix-cs.srt'
[10:45:13]   ✓ uploaded sub #0
[10:45:14] step=iteration 68/634
[10:45:14] step=subtitle start upload_id=62665 video_id=24095228 title='Zasvěcení'
[10:45:15]   uploading sub #0 (57230 B) as 'Los-Iniciados-0000389929-.srt'
[10:45:16]   ✓ uploaded sub #0
[10:45:16] step=iteration 69/634
[10:45:16] step=subtitle start upload_id=62281 video_id=24095309 title='Příběhy chtíče 2'
[10:45:17]   uploading sub #0 (84975 B) as 'Lust-stories-2--389727-.srt'
[10:45:18]   ✓ uploaded sub #0
[10:45:18] step=iteration 70/634
[10:45:19] step=iteration 71/634
[10:45:19] step=iteration 72/634
[10:45:19] step=subtitle start upload_id=61081 video_id=24095477 title='YOU AND ME'
[10:45:21]   uploading sub #0 (83459 B) as 'You-Me-Me-WEBRip-Netflix-cs.srt'
[10:45:22]   ✓ uploaded sub #0
[10:45:23] step=iteration 73/634
[10:45:23] step=iteration 74/634
[10:45:24] step=iteration 75/634
[10:45:24] step=subtitle start upload_id=68917 video_id=24095634 title='Kufr - uvězněná'
[10:45:25]   uploading sub #0 (63345 B) as 'Trunk-Locked-In-0000396639-.srt'
[10:45:26]   ✓ uploaded sub #0
[10:45:26] step=iteration 76/634
[10:45:26] step=subtitle start upload_id=72677 video_id=24095684 title='Between Us'
[10:45:27]   uploading sub #0 (58628 B) as 'Between-Us-2023-French-1080P-Web-Dl-H264-Slay3R.srt'
[10:45:28]   ✓ uploaded sub #0
[10:45:29] step=iteration 77/634
[10:45:29] step=iteration 78/634
[10:45:30] step=iteration 79/634
[10:45:30] step=iteration 80/634
[10:45:31] step=iteration 81/634
[10:45:31] step=subtitle start upload_id=58292 video_id=24095994 title='Puppet Master: Doktor Death'
[10:45:32]   uploading sub #0 (35783 B) as 'Puppet-Master-Doktor-Death-2022-1080p-WEB-h264-DAVE.srt'
[10:45:32]   ✓ uploaded sub #0
[10:45:33] step=iteration 82/634
[10:45:33] step=iteration 83/634
[10:45:33] step=subtitle start upload_id=46999 video_id=24096082 title='Navždy jiná liga'
[10:45:35]   uploading sub #0 (64689 B) as 'Sul-pi---bello--355142-.srt'
[10:45:36]   ✓ uploaded sub #0
[10:45:36] step=iteration 84/634
[10:45:37] step=iteration 85/634
[10:45:37] step=iteration 86/634
[10:45:37] step=subtitle start upload_id=58398 video_id=24096246 title='Le Visiteur du futur'
[10:45:39]   uploading sub #0 (83378 B) as 'Le-visiteur-du-futur-0000382543-.srt'
[10:45:39]   ✓ uploaded sub #0
[10:45:40] step=iteration 87/634
[10:45:40] step=subtitle start upload_id=53707 video_id=24096379 title='Pohotovost'
[10:45:41]   uploading sub #0 (99259 B) as 'Emergency--370210-.srt'
[10:45:42]   ✓ uploaded sub #0
[10:45:42] step=iteration 88/634
[10:45:43] step=iteration 89/634
[10:45:43] step=subtitle start upload_id=98231 video_id=24096598 title='Pamfir'
[10:45:44]   uploading sub #0 (64861 B) as 'Pamfir-0000419072-.srt'
[10:45:44]   ✓ uploaded sub #0
[10:45:45] step=iteration 90/634
[10:45:45] step=subtitle start upload_id=60269 video_id=24096639 title='Rooney'
[10:45:46]   uploading sub #0 (110883 B) as 'Rooney-0000385892-.srt'
[10:45:47]   ✓ uploaded sub #0
[10:45:48] step=iteration 91/634
[10:45:48] step=subtitle start upload_id=50275 video_id=24096671 title='The Bezonians'
[10:45:49]   uploading sub #0 (88005 B) as 'Bezoniani--2021-.srt'
[10:45:50]   ✓ uploaded sub #0
[10:45:50] step=iteration 92/634
[10:45:50] step=subtitle start upload_id=56115 video_id=24096726 title='Krylya nad Berlinom'
[10:45:52]   uploading sub #0 (61279 B) as 'Krylya-nad-Berlinom-WEB-DL-1080p.srt'
[10:45:52]   ✓ uploaded sub #0
[10:45:53] step=iteration 93/634
[10:45:53] step=iteration 94/634
[10:45:54] step=iteration 95/634
[10:45:54] step=iteration 96/634
[10:45:55] step=iteration 97/634
[10:45:55] step=iteration 98/634
[10:45:56] step=iteration 99/634
[10:45:56] step=subtitle start upload_id=51301 video_id=24097214 title='Mo Gilligan: There's Mo to Life'
[10:45:57]   uploading sub #0 (82788 B) as 'Mo-Gilligan--There-s-Mo-to-Life--365120-.srt'
[10:45:58]   ✓ uploaded sub #0
[10:45:58] step=iteration 100/634
[10:45:59] step=iteration 101/634
[10:45:59] step=subtitle start upload_id=52974 video_id=24097441 title='Líbánky s mámou'
[10:46:00]   uploading sub #0 (107231 B) as 'Amor-de-madre-0000368862-.srt'
[10:46:01]   ✓ uploaded sub #0
[10:46:01] step=iteration 102/634
[10:46:01] step=subtitle start upload_id=56010 video_id=24097561 title='Tutanchamon – poslední výstava'
[10:46:03] step=iteration 103/634
[10:46:03] step=subtitle start upload_id=57413 video_id=24097746 title='Hawa'
[10:46:04]   uploading sub #0 (73949 B) as 'Hawa--380104-.srt'
[10:46:04]   ✓ uploaded sub #0
[10:46:05] step=iteration 104/634
[10:46:05] step=subtitle start upload_id=55773 video_id=24097902 title='Sidney'
[10:46:06]   uploading sub #0 (126539 B) as 'Sidney--376243-.srt'
[10:46:07]   ✓ uploaded sub #0
[10:46:07] step=iteration 105/634
[10:46:07] step=subtitle start upload_id=54372 video_id=24098043 title='Klenot'
[10:46:09]   uploading sub #0 (54256 B) as 'Jewel--372594-.srt'
[10:46:10]   ✓ uploaded sub #0
[10:46:10] step=iteration 106/634
[10:46:10] step=subtitle start upload_id=54768 video_id=24098175 title='Vysoké nároky'
[10:46:12]   uploading sub #0 (106352 B) as 'The-Entitled--373868-.srt'
[10:46:12]   ✓ uploaded sub #0
[10:46:13] step=iteration 107/634
[10:46:13] step=subtitle start upload_id=54946 video_id=24098314 title='Zpěv srdce'
[10:46:14]   uploading sub #0 (55801 B) as 'Heartsong-0000374278-.srt'
[10:46:15]   ✓ uploaded sub #0
[10:46:15] step=iteration 108/634
[10:46:15] step=subtitle start upload_id=55487 video_id=24098444 title='Letecké riziko'
[10:46:16]   uploading sub #0 (100975 B) as 'Flight-Risk-0000375620-.srt'
[10:46:17]   ✓ uploaded sub #0
[10:46:18] step=iteration 109/634
[10:46:18] step=iteration 110/634
[10:46:18] step=subtitle start upload_id=56659 video_id=24098795 title='Královský jezdec'
[10:46:19]   uploading sub #0 (75043 B) as 'Elesin-Oba--The-King-s-Horseman--378419-.srt'
[10:46:20]   ✓ uploaded sub #0
[10:46:20] step=iteration 111/634
[10:46:21] step=iteration 112/634
[10:46:22] step=iteration 113/634
[10:46:22] step=subtitle start upload_id=56508 video_id=24099172 title='Divoký je vítr'
[10:46:23]   uploading sub #0 (65629 B) as 'Wild-Is-the-Wind-0000378011-.srt'
[10:46:23]   ✓ uploaded sub #0
[10:46:24] step=iteration 114/634
[10:46:24] step=subtitle start upload_id=60703 video_id=24099281 title='Noční režisér'
[10:46:25]   uploading sub #0 (69714 B) as 'Director-by-Night-0000387001-.srt'
[10:46:26]   ✓ uploaded sub #0
[10:46:26] step=iteration 115/634
[10:46:27] step=iteration 116/634
[10:46:27] step=subtitle start upload_id=54874 video_id=24099531 title='Carter'
[10:46:28]   uploading sub #0 (63193 B) as 'Carter-0000374104-.srt'
[10:46:29]   ✓ uploaded sub #0
[10:46:30] step=iteration 117/634
[10:46:30] step=iteration 118/634
[10:46:31] step=iteration 119/634
[10:46:31] step=subtitle start upload_id=57856 video_id=24100061 title='Tom Papa: To je den!'
[10:46:32]   uploading sub #0 (66024 B) as 'Tom-Papa-What-A-Day--0000381120-.srt'
[10:46:32]   ✓ uploaded sub #0
[10:46:33] step=iteration 120/634
[10:46:33] step=iteration 121/634
[10:46:34] step=iteration 122/634
[10:46:34] step=subtitle start upload_id=44879 video_id=24100604 title='Peter Tatchell: Láska a nenávist'
[10:46:35]   uploading sub #0 (99735 B) as 'Hating-Peter-Tatchell--350574-.srt'
[10:46:36]   ✓ uploaded sub #0
[10:46:36] step=iteration 123/634
[10:46:36] step=subtitle start upload_id=39572 video_id=24100724 title='Co se stalo s panem Čcha?'
[10:46:38]   uploading sub #0 (86518 B) as 'What-Happened-to-Mr-Cha--0000341771-.srt'
[10:46:39]   ✓ uploaded sub #0
[10:46:39] step=iteration 124/634
[10:46:40] step=iteration 125/634
[10:46:40] step=subtitle start upload_id=46759 video_id=24100954 title='Pray Away: Očista modlitbou'
[10:46:41]   uploading sub #0 (105722 B) as 'Pray-Away-0000354475-.srt'
[10:46:42]   ✓ uploaded sub #0
[10:46:42] step=iteration 126/634
[10:46:42] step=subtitle start upload_id=86305 video_id=24101057 title='Úžasný svět'
[10:46:44]   uploading sub #0 (76079 B) as 'Under-the-Open-Sky-0000408806-.srt'
[10:46:44]   ✓ uploaded sub #0
[10:46:45] step=iteration 127/634
[10:46:45] step=iteration 128/634
[10:46:45] step=subtitle start upload_id=48898 video_id=24101273 title='Zero to Hero'
[10:46:47]   uploading sub #0 (71328 B) as 'Zero-to-Hero--359414-.srt'
[10:46:47]   ✓ uploaded sub #0
[10:46:48] step=iteration 129/634
[10:46:48] step=subtitle start upload_id=43390 video_id=24101397 title='HOMUNCULUS'
[10:46:49]   uploading sub #0 (53307 B) as 'Homunculus-0000348527-.srt'
[10:46:50]   ✓ uploaded sub #0
[10:46:50] step=iteration 130/634
[10:46:50] step=subtitle start upload_id=41129 video_id=24101484 title='Poslední Paradiso'
[10:46:51]   uploading sub #0 (47576 B) as 'L-ultimo-paradiso--343744-.srt'
[10:46:52]   ✓ uploaded sub #0
[10:46:52] step=iteration 131/634
[10:46:52] step=subtitle start upload_id=49865 video_id=24101563 title='Asakusa Kid'
[10:46:54]   uploading sub #0 (90444 B) as 'Asakusa-Kid--361632-.srt'
[10:46:54]   ✓ uploaded sub #0
[10:46:55] step=iteration 132/634
[10:46:55] step=subtitle start upload_id=50011 video_id=24101680 title='Pod hladinou s Cousteauem'
[10:46:56]   uploading sub #0 (80992 B) as 'Becoming-Cousteau--361805-.srt'
[10:46:57]   ✓ uploaded sub #0
[10:46:57] step=iteration 133/634
[10:46:57] step=subtitle start upload_id=40954 video_id=24101758 title='Co by udělala Sophia Loren?'
[10:46:58]   uploading sub #0 (29121 B) as 'What.srt'
[10:46:59]   ✓ uploaded sub #0
[10:46:59] step=iteration 134/634
[10:46:59] step=subtitle start upload_id=47964 video_id=24101810 title='Pekelné bingo'
[10:47:01]   uploading sub #0 (46944 B) as 'Bingo-Hell-0000357416-.srt'
[10:47:01]   ✓ uploaded sub #0
[10:47:02] step=iteration 135/634
[10:47:02] step=iteration 136/634
[10:47:03] step=iteration 137/634
[10:47:03] step=subtitle start upload_id=43545 video_id=24102212 title='Heroes: Ticho a rock & roll'
[10:47:04]   uploading sub #0 (100043 B) as 'Heroes-Silencio-y-Rock-Roll-0000348684-.srt'
[10:47:05]   ✓ uploaded sub #0
[10:47:06] step=iteration 138/634
[10:47:06] step=subtitle start upload_id=46176 video_id=24102336 title='Porozumění'
[10:47:07]   uploading sub #0 (57684 B) as 'Fathom-0000352133-.srt'
[10:47:07]   ✓ uploaded sub #0
[10:47:08] step=iteration 139/634
[10:47:08] step=subtitle start upload_id=44878 video_id=24102434 title='Sam Smith: Love Goes – Live at Abbey Road Studios'
[10:47:09]   uploading sub #0 (14084 B) as 'Sam-Smith-Live-at-Abbey-Road-Studios--350573-.srt'
[10:47:10]   ✓ uploaded sub #0
[10:47:10] step=iteration 140/634
[10:47:10] step=subtitle start upload_id=45826 video_id=24102488 title='Superpříšerky: Bylo nebylo'
[10:47:11]   uploading sub #0 (21571 B) as 'Super-Monsters--Once-Upon-a-Rhyme--351423-.srt'
[10:47:12]   ✓ uploaded sub #0
[10:47:12] step=iteration 141/634
[10:47:12] step=subtitle start upload_id=47251 video_id=24102540 title='Soukromá síť: Kdo zabil Manuela Buendíu?'
[10:47:14]   uploading sub #0 (101570 B) as 'Private-Network-Who-Killed-Manuel-Buendia--0000353365-.srt'
[10:47:15]   ✓ uploaded sub #0
[10:47:15] step=iteration 142/634
[10:47:15] step=subtitle start upload_id=47155 video_id=24102638 title='Bob Ross: Šťastné náhody, zrada a chamtivost'
[10:47:17]   uploading sub #0 (93862 B) as 'Bob-Ross--Happy-Accidents--Betrayal---Greed--355437-.srt'
[10:47:18]   ✓ uploaded sub #0
[10:47:18] step=iteration 143/634
[10:47:18] step=subtitle start upload_id=46832 video_id=24102804 title='Phil Wang: Philly Philly Wang Wang'
[10:47:20]   uploading sub #0 (69243 B) as 'Phil-Wang--Philly-Philly-Wang-Wang--354798-.srt'
[10:47:20]   ✓ uploaded sub #0
[10:47:21] step=iteration 144/634
[10:47:21] step=subtitle start upload_id=47156 video_id=24103031 title='Nad vodou'
[10:47:22]   uploading sub #0 (75482 B) as 'The-River-Runner--355452-.srt'
[10:47:23]   ✓ uploaded sub #0
[10:47:23] step=iteration 145/634
[10:47:23] step=subtitle start upload_id=47734 video_id=24103081 title='Obdivoval jsem kovboje'
[10:47:24]   uploading sub #0 (16287 B) as 'My-Heroes-Were-Cowboys--356555-.srt'
[10:47:25]   ✓ uploaded sub #0
[10:47:25] step=iteration 146/634
[10:47:25] step=subtitle start upload_id=49232 video_id=24103121 title='Procesí'
[10:47:27]   uploading sub #0 (110275 B) as 'Procession-0000360119-.srt'
[10:47:27]   ✓ uploaded sub #0
[10:47:28] step=iteration 147/634
[10:47:28] step=subtitle start upload_id=48232 video_id=24103437 title='Sbližování: Odvaha za časů krize'
[10:47:29]   uploading sub #0 (108212 B) as 'Convergence--Courage-in-a-Crisis--358108-.srt'
[10:47:30]   ✓ uploaded sub #0
[10:47:31] step=iteration 148/634
[10:47:31] step=subtitle start upload_id=50149 video_id=24103502 title='Příšerné Vánoce'
[10:47:32]   uploading sub #0 (58746 B) as 'Una-navidad-no-tan-padre-0000362152-.srt'
[10:47:32]   ✓ uploaded sub #0
[10:47:33] step=iteration 149/634
[10:47:33] step=subtitle start upload_id=50053 video_id=24103800 title='Nigerijské Vánoce'
[10:47:34]   uploading sub #0 (108139 B) as 'A-Naija-Christmas--361948-.srt'
[10:47:35]   ✓ uploaded sub #0
[10:47:35] step=iteration 150/634
[10:47:35] step=subtitle start upload_id=48549 video_id=24103888 title='Malý mluvka'
[10:47:37]   uploading sub #0 (76692 B) as 'Little-Big-Mouth-0000358604-.srt'
[10:47:37]   ✓ uploaded sub #0
[10:47:38] step=iteration 151/634
[10:47:38] step=subtitle start upload_id=49512 video_id=24104124 title='Byl to vánoční spor'
[10:47:39]   uploading sub #0 (101351 B) as '-Twas-the-Fight-Before-Christmas-0000360654-.srt'
[10:47:40]   ✓ uploaded sub #0
[10:47:41] step=iteration 152/634
[10:47:41] step=iteration 153/634
[10:47:41] step=subtitle start upload_id=49330 video_id=24104517 title='A Man Named Scott'
[10:47:42]   uploading sub #0 (103232 B) as 'A-Man-Named-Scott--360274-.srt'
[10:47:43]   ✓ uploaded sub #0
[10:47:44] step=iteration 154/634
[10:47:44] step=subtitle start upload_id=50066 video_id=24104582 title='Zázraky korálového útesu'
[10:47:45]   uploading sub #0 (25501 B) as 'Puff--Wonders-of-the-Reef--361982-.srt'
[10:47:45]   ✓ uploaded sub #0
[10:47:46] step=iteration 155/634
[10:47:46] step=subtitle start upload_id=78739 video_id=24104641 title='2024'
[10:47:47]   uploading sub #0 (29077 B) as '2029--404466-.srt'
[10:47:48]   ✓ uploaded sub #0
[10:47:48] step=iteration 156/634
[10:47:48] step=subtitle start upload_id=50245 video_id=24104800 title='Smrt roku 2021!'
[10:47:50]   uploading sub #0 (85765 B) as 'Death-to-2021--362399-.srt'
[10:47:50]   ✓ uploaded sub #0
[10:47:51] step=iteration 157/634
[10:47:51] step=iteration 158/634
[10:47:51] step=subtitle start upload_id=49898 video_id=24105118 title='DVA'
[10:47:52]   uploading sub #0 (41387 B) as 'Dos--361685-.srt'
[10:47:53]   ✓ uploaded sub #0
[10:47:53] step=iteration 159/634
[10:47:53] step=subtitle start upload_id=40955 video_id=24105178 title='Chris Rock Total Blackout: The Tamborine Extended Cut'
[10:47:55]   uploading sub #0 (93960 B) as 'Chris.srt'
[10:47:55]   ✓ uploaded sub #0
[10:47:56] step=iteration 160/634
[10:47:56] step=iteration 161/634
[10:47:56] step=subtitle start upload_id=31990 video_id=24105486 title='Život za mřížemi'
[10:47:58]   uploading sub #0 (81722 B) as 'alldayandanight0000330061.vtt'
[10:47:58]   ✓ uploaded sub #0
[10:47:59] step=iteration 162/634
[10:47:59] step=subtitle start upload_id=40813 video_id=24105579 title='Babička je lesba!'
[10:48:00]   uploading sub #0 (95637 B) as 'Salir-del-ropero-0000342948-.srt'
[10:48:00]   ✓ uploaded sub #0
[10:48:01] step=iteration 163/634
[10:48:01] step=subtitle start upload_id=49406 video_id=24105831 title='Zima'
[10:48:02]   uploading sub #0 (27093 B) as 'Winter-0000360346-.srt'
[10:48:03]   ✓ uploaded sub #0
[10:48:04] step=iteration 164/634
[10:48:04] step=subtitle start upload_id=32162 video_id=24105917 title='18 dárků'
[10:48:05]   uploading sub #0 (72846 B) as '18presents0000330493.vtt'
[10:48:05]   ✓ uploaded sub #0
[10:48:06] step=iteration 165/634
[10:48:06] step=subtitle start upload_id=29114 video_id=24106096 title='Leslie Jones: Stroj času'
[10:48:07]   uploading sub #0 (54933 B) as 'leslie_jones_time_machine_324188.vtt'
[10:48:08]   ✓ uploaded sub #0
[10:48:08] step=iteration 166/634
[10:48:08] step=subtitle start upload_id=42840 video_id=24106146 title='Zakódované předsudky'
[10:48:09]   uploading sub #0 (90682 B) as 'Coded-Bias--346992-.srt'
[10:48:10]   ✓ uploaded sub #0
[10:48:11] step=iteration 167/634
[10:48:11] step=subtitle start upload_id=38818 video_id=24106200 title='Máme hlas'
[10:48:12]   uploading sub #0 (92312 B) as 'Giving-Voice-0000340746-.srt'
[10:48:12]   ✓ uploaded sub #0
[10:48:13] step=iteration 168/634
[10:48:13] step=subtitle start upload_id=31677 video_id=24106408 title='Betonrauš'
[10:48:14]   uploading sub #0 (69306 B) as 'rising_high_329308.vtt'
[10:48:15]   ✓ uploaded sub #0
[10:48:16] step=iteration 169/634
[10:48:16] step=subtitle start upload_id=41231 video_id=24106458 title='Nightshift'
[10:48:17] step=iteration 170/634
[10:48:17] step=subtitle start upload_id=46420 video_id=24106520 title='Síla ducha'
[10:48:18]   uploading sub #0 (29191 B) as 'La-Fortaleza-0000353196-.srt'
[10:48:18]   ✓ uploaded sub #0
[10:48:19] step=iteration 171/634
[10:48:19] step=iteration 172/634
[10:48:19] step=subtitle start upload_id=29289 video_id=24106681 title='Fortune Feimster: Sladká i slaná'
[10:48:21]   uploading sub #0 (61597 B) as '5_czech.vtt'
[10:48:21]   ✓ uploaded sub #0
[10:48:22] step=iteration 173/634
[10:48:22] step=subtitle start upload_id=35580 video_id=24106749 title='Rozhodující utkání'
[10:48:23]   uploading sub #0 (70568 B) as 'La-partita--335892-.srt'
[10:48:23]   ✓ uploaded sub #0
[10:48:24] step=iteration 174/634
[10:48:24] step=subtitle start upload_id=32217 video_id=24106933 title='Halušky: Dobrodružství s psychedeliky'
[10:48:25]   uploading sub #0 (100186 B) as 'have_a_good_trip_adventures_in_psychedelics_330678.vtt'
[10:48:26]   ✓ uploaded sub #0
[10:48:26] step=iteration 175/634
[10:48:26] step=subtitle start upload_id=43362 video_id=24106996 title='Řekni mi kdy'
[10:48:28]   uploading sub #0 (71484 B) as 'Dime-Cuando-Tu--348373-.srt'
[10:48:28]   ✓ uploaded sub #0
[10:48:29] step=iteration 176/634
[10:48:29] step=subtitle start upload_id=33579 video_id=24107057 title='Atletka A'
[10:48:30]   uploading sub #0 (110110 B) as '9148.srt'
[10:48:31]   ✓ uploaded sub #0
[10:48:32] step=iteration 177/634
[10:48:32] step=subtitle start upload_id=31610 video_id=24107123 title='Chris D'Elia: Úplně bezstarostné'
[10:48:33]   uploading sub #0 (56322 B) as 'chris_delia_no_pain_329168.vtt'
[10:48:34]   ✓ uploaded sub #0
[10:48:34] step=iteration 178/634
[10:48:34] step=subtitle start upload_id=42767 video_id=24107188 title='Tohle není hra'
[10:48:36]   uploading sub #0 (127163 B) as 'Not-a-Game-0000346751-.srt'
[10:48:36]   ✓ uploaded sub #0
[10:48:37] step=iteration 179/634
[10:48:37] step=subtitle start upload_id=32145 video_id=24107260 title='Jerry Seinfeld: Jak zabít 23 hodin času'
[10:48:38]   uploading sub #0 (64622 B) as 'jerry_seinfeld_23_hours_to_kill_330359.vtt'
[10:48:39]   ✓ uploaded sub #0
[10:48:39] step=iteration 180/634
[10:48:39] step=subtitle start upload_id=32452 video_id=24107389 title='Ben Platt: Live from Radio City Music Hall'
[10:48:40]   uploading sub #0 (29222 B) as 'ben_platt_live_from_radio_city_music_hall_331213.vtt'
[10:48:41]   ✓ uploaded sub #0
[10:48:41] step=iteration 181/634
[10:48:41] step=subtitle start upload_id=33854 video_id=24107431 title='Jim Jefferies: Intolerance'
[10:48:43]   uploading sub #0 (71758 B) as 'Jim-Jefferies--Intolerant--333630-.srt'
[10:48:43]   ✓ uploaded sub #0
[10:48:44] step=iteration 182/634
[10:48:44] step=subtitle start upload_id=34025 video_id=24107483 title='Urzila Carlson: Překvalifikovaná zoufalka'
[10:48:45]   uploading sub #0 (77769 B) as 'Urzila-Carlson--Overqualified-Loser--334002-.srt'
[10:48:46]   ✓ uploaded sub #0
[10:48:46] step=iteration 183/634
[10:48:46] step=subtitle start upload_id=34024 video_id=24107636 title='Jsme v tom společně'
[10:48:48]   uploading sub #0 (75065 B) as 'On-est-ensemble--334003-.srt'
[10:48:48]   ✓ uploaded sub #0
[10:48:49] step=iteration 184/634
[10:48:49] step=subtitle start upload_id=34219 video_id=24107695 title='Jack Whitehall: Jen žertuju'
[10:48:50]   uploading sub #0 (69065 B) as 'Jack-Whitehall--I-m-Only-Joking--334316-.srt'
[10:48:51]   ✓ uploaded sub #0
[10:48:51] step=iteration 185/634
[10:48:51] step=subtitle start upload_id=34630 video_id=24107730 title='Kostka na čas'
[10:48:52]   uploading sub #0 (39478 B) as 'kostka-na-cas.srt'
[10:48:53]   ✓ uploaded sub #0
[10:48:53] step=iteration 186/634
[10:48:53] step=subtitle start upload_id=34911 video_id=24107759 title='Naše Nataša'
[10:48:55]   uploading sub #0 (53050 B) as 'Nasha-Natasha-0000334865-.srt'
[10:48:55]   ✓ uploaded sub #0
[10:48:56] step=iteration 187/634
[10:48:56] step=subtitle start upload_id=39357 video_id=24107792 title='AK vs AK'
[10:48:57]   uploading sub #0 (104734 B) as 'AK-vs-AK-0000341324-.srt'
[10:48:58]   ✓ uploaded sub #0
[10:48:58] step=iteration 188/634
[10:48:58] step=subtitle start upload_id=36176 video_id=24107835 title='Sklonit se k zemi'
[10:49:00]   uploading sub #0 (90195 B) as 'Kiss-the-Ground--336677-.srt'
[10:49:00]   ✓ uploaded sub #0
[10:49:01] step=iteration 189/634
[10:49:01] step=iteration 190/634
[10:49:01] step=subtitle start upload_id=38646 video_id=24107923 title='Andělino vánoční přání'
[10:49:03]   uploading sub #0 (32123 B) as 'Angela-s-Christmas-Wish-0000340181-.srt'
[10:49:03]   ✓ uploaded sub #0
[10:49:04] step=iteration 191/634
[10:49:04] step=subtitle start upload_id=38127 video_id=24107959 title='Oktonauti a Velký bariérový útes'
[10:49:05]   uploading sub #0 (47404 B) as 'Octonauts-the-Great-Barrier-Reef-0000338918---1-.srt'
[10:49:06]   ✓ uploaded sub #0
[10:49:06] step=iteration 192/634
[10:49:06] step=subtitle start upload_id=38496 video_id=24108006 title='Hot Chocolate Nutcracker: Klasika v novém podání'
[10:49:08]   uploading sub #0 (90313 B) as 'Dance-Dreams--Hot-Chocolate-Nutcracker--339959-.srt'
[10:49:08]   ✓ uploaded sub #0
[10:49:09] step=iteration 193/634
[10:49:09] step=subtitle start upload_id=39208 video_id=24108208 title='Na Vánoce žádný zázrak'
[10:49:10]   uploading sub #0 (93798 B) as 'na-vanoce.srt'
[10:49:11]   ✓ uploaded sub #0
[10:49:11] step=iteration 194/634
[10:49:11] step=subtitle start upload_id=38979 video_id=24108250 title='Hank a jeho popelářské auto o Vánocích'
[10:49:12]   uploading sub #0 (23830 B) as 'Trash2.srt'
[10:49:13]   ✓ uploaded sub #0
[10:49:13] step=iteration 195/634
[10:49:14] step=iteration 196/634
[10:49:14] step=subtitle start upload_id=38562 video_id=24108329 title='Lego Jurassic World: Double Trouble'
[10:49:15]   uploading sub #0 (56640 B) as 'Double-World--340105-.srt'
[10:49:16]   ✓ uploaded sub #0
[10:49:16] step=iteration 197/634
[10:49:16] step=subtitle start upload_id=24611 video_id=24108414 title='(Ne)matky'
[10:49:18]   uploading sub #0 (104703 B) as 'otherhood0000315184.vtt'
[10:49:19]   ✓ uploaded sub #0
[10:49:19] step=iteration 198/634
[10:49:19] step=subtitle start upload_id=23425 video_id=24108531 title='Wanda Sykes: Nenormální'
[10:49:20]   uploading sub #0 (60124 B) as 'wanda_sykes_not_normal_312879.vtt'
[10:49:21]   ✓ uploaded sub #0
[10:49:22] step=iteration 199/634
[10:49:22] step=subtitle start upload_id=23705 video_id=24108583 title='Rolling Thunder Revue: Martin Scorsese na turné s Bobem Dylanem'
[10:49:24]   uploading sub #0 (144299 B) as 'rolling_thunder_revue_a_bob_dylan_story_by_martin_scorsese_313461.vtt'
[10:49:25]   ✓ uploaded sub #0
[10:49:26] step=iteration 200/634
[10:49:26] step=subtitle start upload_id=29599 video_id=24108643 title='Skrytá hra'
[10:49:27]   uploading sub #0 (71922 B) as 'the_coldest_game_325477.vtt'
[10:49:28]   ✓ uploaded sub #0
[10:49:29] step=iteration 201/634
[10:49:29] step=iteration 202/634
[10:49:29] step=subtitle start upload_id=24886 video_id=24108949 title='Maria'
[10:49:31]   uploading sub #0 (41168 B) as 'maria_315831.vtt'
[10:49:32]   ✓ uploaded sub #0
[10:49:33] step=iteration 203/634
[10:49:33] step=iteration 204/634
[10:49:33] step=subtitle start upload_id=23008 video_id=24109225 title='Anthony Jeselnik: Na porodním hoří'
[10:49:35]   uploading sub #0 (46034 B) as 'anthony_jeselnik_fire_in_the_maternity_ward_311765.vtt'
[10:49:36]   ✓ uploaded sub #0
[10:49:37] step=iteration 205/634
[10:49:37] step=subtitle start upload_id=22808 video_id=24109281 title='HOMECOMING: Film od Beyoncé'
[10:49:38]   uploading sub #0 (49554 B) as 'homecomingafilmbybeyonce0000311282.vtt'
[10:49:38]   ✓ uploaded sub #0
[10:49:39] step=iteration 206/634
[10:49:39] step=subtitle start upload_id=24261 video_id=24109427 title='Brené Brown: The Call to Courage'
[10:49:40]   uploading sub #0 (91264 B) as 'brenebrownthecalltocourage0000314675.vtt'
[10:49:41]   ✓ uploaded sub #0
[10:49:42] step=iteration 207/634
[10:49:42] step=subtitle start upload_id=25553 video_id=24109529 title='Our Godfather'
[10:49:43]   uploading sub #0 (95349 B) as 'ourgodfather0000316722.vtt'
[10:49:44]   ✓ uploaded sub #0
[10:49:44] step=iteration 208/634
[10:49:44] step=subtitle start upload_id=25075 video_id=24109608 title='Kardec'
[10:49:46]   uploading sub #0 (75037 B) as 'kardec_316222.vtt'
[10:49:46]   ✓ uploaded sub #0
[10:49:47] step=iteration 209/634
[10:49:47] step=iteration 210/634
[10:49:47] step=subtitle start upload_id=25887 video_id=24109849 title='Jeff Dunham: Vedle sebe'
[10:49:49]   uploading sub #0 (69065 B) as 'jeff_dunham_beside_himself_317334.vtt'
[10:49:49]   ✓ uploaded sub #0
[10:49:50] step=iteration 211/634
[10:49:50] step=subtitle start upload_id=25992 video_id=24109930 title='Nikki Glaser: Bangin''
[10:49:51]   uploading sub #0 (87573 B) as 'nikki_glaser_bangin_317587.vtt'
[10:49:52]   ✓ uploaded sub #0
[10:49:52] step=iteration 212/634
[10:49:52] step=subtitle start upload_id=28498 video_id=24110014 title='Deon Cole: Chladnokrevně'
[10:49:54]   uploading sub #0 (64180 B) as 'deon.vtt'
[10:49:54]   ✓ uploaded sub #0
[10:49:55] step=iteration 213/634
[10:49:55] step=subtitle start upload_id=26612 video_id=24110071 title='Seth Meyers: Lobby Baby'
[10:49:56]   uploading sub #0 (64826 B) as 'seth_meyers_lobby_baby_319407.vtt'
[10:49:57]   ✓ uploaded sub #0
[10:49:57] step=iteration 214/634
[10:49:57] step=subtitle start upload_id=27226 video_id=24110117 title='Iliza Shlesinger: Odhalená'
[10:49:59]   uploading sub #0 (70652 B) as 'ilizashlesingerunveiled0000320380.vtt'
[10:49:59]   ✓ uploaded sub #0
[10:50:00] step=iteration 215/634
[10:50:00] step=subtitle start upload_id=27247 video_id=24110188 title='Jeff Garlin: Náš člověk v Chicagu'
[10:50:01]   uploading sub #0 (86908 B) as 'jeffgarlinourmaninchicago0000320470.vtt'
[10:50:02]   ✓ uploaded sub #0
[10:50:02] step=iteration 216/634
[10:50:02] step=subtitle start upload_id=28501 video_id=24110252 title='John Mulaney a parta svačinářů'
[10:50:03]   uploading sub #0 (88385 B) as 'john.vtt'
[10:50:04]   ✓ uploaded sub #0
[10:50:04] step=iteration 217/634
[10:50:04] step=subtitle start upload_id=27517 video_id=24110300 title='True: Zimní přání'
[10:50:06]   uploading sub #0 (44622 B) as 'true_winter_wishes_321006.vtt'
[10:50:06]   ✓ uploaded sub #0
[10:50:07] step=iteration 218/634
[10:50:07] step=iteration 219/634
[10:50:07] step=subtitle start upload_id=28008 video_id=24110358 title='Rodinný sraz na Vánoce'
[10:50:08]   uploading sub #0 (29197 B) as 'a_family_reunion_christmas_321744.vtt'
[10:50:09]   ✓ uploaded sub #0
[10:50:10] step=iteration 220/634
[10:50:10] step=subtitle start upload_id=47361 video_id=24110443 title='Sklízení duší'
[10:50:11]   uploading sub #0 (57528 B) as 'Soul-Reaper--356016-.srt'
[10:50:11]   ✓ uploaded sub #0
[10:50:12] step=iteration 221/634
[10:50:12] step=subtitle start upload_id=26141 video_id=24110512 title='Gesture in A Woman Under the Influence'
[10:50:13]   uploading sub #0 (36730 B) as 'theinfluence0000317990.vtt'
[10:50:14]   ✓ uploaded sub #0
[10:50:14] step=iteration 222/634
[10:50:14] step=subtitle start upload_id=26256 video_id=24110575 title='Seventeen Girlfriends'
[10:50:16]   uploading sub #0 (82715 B) as 'seventeen_318263.vtt'
[10:50:16]   ✓ uploaded sub #0
[10:50:17] step=iteration 223/634
[10:50:17] step=subtitle start upload_id=23753 video_id=24110607 title='Poslední večery na Zemi'
[10:50:18]   uploading sub #0 (51278 B) as 'longdaysjourneyintonight0000313447.vtt'
[10:50:19]   ✓ uploaded sub #0
[10:50:19] step=iteration 224/634
[10:50:19] step=subtitle start upload_id=35731 video_id=24110688 title='Alive'
[10:50:21]   uploading sub #0 (37504 B) as '-Alive--336105-.srt'
[10:50:21]   ✓ uploaded sub #0
[10:50:22] step=iteration 225/634
[10:50:22] step=iteration 226/634
[10:50:22] step=subtitle start upload_id=18000 video_id=24111266 title='Be with you'
[10:50:23] step=iteration 227/634
[10:50:23] step=subtitle start upload_id=25908 video_id=24111384 title='Sedící slon'
[10:50:25]   uploading sub #0 (73975 B) as 'anelephantsittingstill0000317401.vtt'
[10:50:25]   ✓ uploaded sub #0
[10:50:26] step=iteration 228/634
[10:50:26] step=subtitle start upload_id=17755 video_id=24111441 title='The Escape of Prisoner 614'
[10:50:27] step=iteration 229/634
[10:50:27] step=subtitle start upload_id=21910 video_id=24111483 title='Zion'
[10:50:28] step=iteration 230/634
[10:50:28] step=subtitle start upload_id=23679 video_id=24111499 title='GODZILLA 星を喰う者'
[10:50:29]   uploading sub #0 (66687 B) as 'godzilla_the_planet_eater_313364.vtt'
[10:50:30]   ✓ uploaded sub #0
[10:50:30] step=iteration 231/634
[10:50:30] step=subtitle start upload_id=23387 video_id=24111530 title='Broken Contract'
[10:50:31]   uploading sub #0 (65916 B) as 'brokencontract0000312765.vtt'
[10:50:32]   ✓ uploaded sub #0
[10:50:33] step=iteration 232/634
[10:50:33] step=subtitle start upload_id=25824 video_id=24111576 title='Král chlapců'
[10:50:34]   uploading sub #0 (141843 B) as 'king_of_boys_317203.vtt'
[10:50:35]   ✓ uploaded sub #0
[10:50:35] step=iteration 233/634
[10:50:36] step=iteration 234/634
[10:50:36] step=subtitle start upload_id=27174 video_id=24111769 title='Woodshock'
[10:50:37] step=iteration 235/634
[10:50:37] step=iteration 236/634
[10:50:37] step=subtitle start upload_id=20829 video_id=24111851 title='Darling'
[10:50:38]   uploading sub #0 (39888 B) as 'darling_2017_720p_web_dl_danish_ac3_h264.vtt'
[10:50:39]   ✓ uploaded sub #0
[10:50:39]   uploading sub #1 (39890 B) as '510e13d11e766c027df582e8ec1c44de.vtt'
[10:50:40]   ✓ uploaded sub #1
[10:50:40] step=iteration 237/634
[10:50:41] step=iteration 238/634
[10:50:41] step=subtitle start upload_id=25328 video_id=24112125 title='Mléčný komplex'
[10:50:42]   uploading sub #0 (79181 B) as 'themilksystem0000316620.vtt'
[10:50:43]   ✓ uploaded sub #0
[10:50:43] step=iteration 239/634
[10:50:44] step=iteration 240/634
[10:50:44] step=iteration 241/634
[10:50:45] step=iteration 242/634
[10:50:45] step=iteration 243/634
[10:50:46] step=iteration 244/634
[10:50:46] step=subtitle start upload_id=21434 video_id=24112485 title='Death by Metal'
[10:50:47]   uploading sub #0 (148354 B) as 'b33c16991d9612469b5ad1805c2f96bd.vtt'
[10:50:48]   ✓ uploaded sub #0
[10:50:49] step=iteration 245/634
[10:50:49] step=iteration 246/634
[10:50:50] step=iteration 247/634
[10:50:50] step=subtitle start upload_id=42388 video_id=24112627 title='Dobrou, mámo'
[10:50:51] step=iteration 248/634
[10:50:51] step=iteration 249/634
[10:50:51] step=subtitle start upload_id=21438 video_id=24112849 title='Klub'
[10:50:52]   uploading sub #0 (60015 B) as 'e4e9489613fa41a6ad030bf84da85a1d.vtt'
[10:50:53]   ✓ uploaded sub #0
[10:50:54] step=iteration 250/634
[10:50:54] step=iteration 251/634
[10:50:55] step=iteration 252/634
[10:50:55] step=subtitle start upload_id=45434 video_id=24112916 title='Posedlost'
[10:50:56] step=iteration 253/634
[10:50:56] step=iteration 254/634
[10:50:57] step=iteration 255/634
[10:50:57] step=iteration 256/634
[10:50:58] step=iteration 257/634
[10:50:58] step=iteration 258/634
[10:50:59] step=iteration 259/634
[10:50:59] step=iteration 260/634
[10:51:00] step=iteration 261/634
[10:51:00] step=iteration 262/634
[10:51:01] step=iteration 263/634
[10:51:01] step=iteration 264/634
[10:51:02] step=iteration 265/634
[10:51:02] step=iteration 266/634
[10:51:03] step=iteration 267/634
[10:51:03] step=iteration 268/634
[10:51:04] step=iteration 269/634
[10:51:04] step=iteration 270/634
[10:51:05] step=iteration 271/634
[10:51:05] step=iteration 272/634
[10:51:06] step=iteration 273/634
[10:51:06] step=iteration 274/634
[10:51:06] step=subtitle start upload_id=70788 video_id=24116022 title='Nafukovací panna'
[10:51:08] step=iteration 275/634
[10:51:08] step=iteration 276/634
[10:51:09] step=iteration 277/634
[10:51:09] step=iteration 278/634
[10:51:10] step=iteration 279/634
[10:51:10] step=iteration 280/634
[10:51:10] step=subtitle start upload_id=45697 video_id=24116266 title='39 stupňů'
[10:51:11] step=iteration 281/634
[10:51:12] step=iteration 282/634
[10:51:12] step=iteration 283/634
[10:51:13] step=iteration 284/634
[10:51:13] step=iteration 285/634
[10:51:14] step=iteration 286/634
[10:51:14] step=iteration 287/634
[10:51:15] step=iteration 288/634
[10:51:15] step=iteration 289/634
[10:51:16] step=iteration 290/634
[10:51:16] step=iteration 291/634
[10:51:17] step=iteration 292/634
[10:51:17] step=iteration 293/634
[10:51:18] step=iteration 294/634
[10:51:18] step=iteration 295/634
[10:51:19] step=iteration 296/634
[10:51:19] step=iteration 297/634
[10:51:20] step=iteration 298/634
[10:51:20] step=subtitle start upload_id=78812 video_id=24116823 title='Tři mušketýři'
[10:51:21] step=iteration 299/634
[10:51:22] step=iteration 300/634
[10:51:22] step=iteration 301/634
[10:51:23] step=iteration 302/634
[10:51:23] step=iteration 303/634
[10:51:24] step=iteration 304/634
[10:51:24] step=iteration 305/634
[10:51:25] step=iteration 306/634
[10:51:25] step=iteration 307/634
[10:51:26] step=iteration 308/634
[10:51:26] step=iteration 309/634
[10:51:27] step=iteration 310/634
[10:51:27] step=iteration 311/634
[10:51:28] step=iteration 312/634
[10:51:28] step=iteration 313/634
[10:51:29] step=iteration 314/634
[10:51:29] step=iteration 315/634
[10:51:30] step=iteration 316/634
[10:51:30] step=iteration 317/634
[10:51:31] step=iteration 318/634
[10:51:31] step=iteration 319/634
[10:51:32] step=iteration 320/634
[10:51:32] step=subtitle start upload_id=82837 video_id=24117948 title='Sledování'
[10:51:33]   uploading sub #0 (76458 B) as 'Following-2024-1080p-WEBRip-AAC2-0-H-264-TIK.srt'
[10:51:34]   ✓ uploaded sub #0
[10:51:34] step=iteration 321/634
[10:51:35] step=iteration 322/634
[10:51:35] step=iteration 323/634
[10:51:36] step=iteration 324/634
[10:51:36] step=iteration 325/634
[10:51:37] step=iteration 326/634
[10:51:37] step=iteration 327/634
[10:51:38] step=iteration 328/634
[10:51:39] step=iteration 329/634
[10:51:39] step=iteration 330/634
[10:51:40] step=iteration 331/634
[10:51:40] step=iteration 332/634
[10:51:41] step=iteration 333/634
[10:51:41] step=iteration 334/634
[10:51:42] step=iteration 335/634
[10:51:42] step=iteration 336/634
[10:51:43] step=iteration 337/634
[10:51:43] step=subtitle start upload_id=23974 video_id=24118820 title='The Lighthouse'
[10:51:44]   uploading sub #0 (36936 B) as 'thelighthouse0000314179.vtt'
[10:51:44]   ✓ uploaded sub #0
[10:51:45] step=iteration 338/634
[10:51:45] step=iteration 339/634
[10:51:46] step=iteration 340/634
[10:51:46] step=iteration 341/634
[10:51:46] step=subtitle start upload_id=97742 video_id=24118979 title='Bohémský život'
[10:51:47] step=iteration 342/634
[10:51:48] step=iteration 343/634
[10:51:48] step=subtitle start upload_id=43573 video_id=24119142 title='Chlapci ze sousedství'
[10:51:49] step=iteration 344/634
[10:51:50] step=iteration 345/634
[10:51:50] step=iteration 346/634
[10:51:51] step=iteration 347/634
[10:51:51] step=iteration 348/634
[10:51:52] step=iteration 349/634
[10:51:52] step=subtitle start upload_id=102119 video_id=24119252 title='Svědkyně'
[10:51:53]   uploading sub #0 (69531 B) as 'The-Witness--421622-.srt'
[10:51:54]   ✓ uploaded sub #0
[10:51:54] step=iteration 350/634
[10:51:55] step=iteration 351/634
[10:51:55] step=subtitle start upload_id=99577 video_id=24119342 title='Mistr a Markétka'
[10:51:56]   uploading sub #0 (128160 B) as 'The-Master-And-Margarita-2024-1080p-WEB-H265-ZeroTwo.srt'
[10:51:57]   ✓ uploaded sub #0
[10:51:57] step=iteration 352/634
[10:51:58] step=iteration 353/634
[10:51:58] step=iteration 354/634
[10:51:59] step=iteration 355/634
[10:51:59] step=iteration 356/634
[10:52:00] step=iteration 357/634
[10:52:00] step=iteration 358/634
[10:52:01] step=iteration 359/634
[10:52:01] step=iteration 360/634
[10:52:02] step=iteration 361/634
[10:52:02] step=iteration 362/634
[10:52:03] step=iteration 363/634
[10:52:03] step=iteration 364/634
[10:52:04] step=iteration 365/634
[10:52:04] step=iteration 366/634
[10:52:05] step=iteration 367/634
[10:52:05] step=iteration 368/634
[10:52:06] step=iteration 369/634
[10:52:07] step=iteration 370/634
[10:52:07] step=iteration 371/634
[10:52:08] step=iteration 372/634
[10:52:08] step=iteration 373/634
[10:52:09] step=iteration 374/634
[10:52:09] step=iteration 375/634
[10:52:10] step=iteration 376/634
[10:52:10] step=iteration 377/634
[10:52:11] step=iteration 378/634
[10:52:11] step=iteration 379/634
[10:52:12] step=iteration 380/634
[10:52:12] step=iteration 381/634
[10:52:13] step=iteration 382/634
[10:52:13] step=iteration 383/634
[10:52:14] step=iteration 384/634
[10:52:14] step=iteration 385/634
[10:52:15] step=iteration 386/634
[10:52:15] step=iteration 387/634
[10:52:16] step=iteration 388/634
[10:52:16] step=iteration 389/634
[10:52:17] step=iteration 390/634
[10:52:17] step=iteration 391/634
[10:52:18] step=iteration 392/634
[10:52:18] step=iteration 393/634
[10:52:19] step=iteration 394/634
[10:52:19] step=iteration 395/634
[10:52:20] step=iteration 396/634
[10:52:20] step=iteration 397/634
[10:52:21] step=iteration 398/634
[10:52:21] step=iteration 399/634
[10:52:22] step=iteration 400/634
[10:52:22] step=iteration 401/634
[10:52:23] step=iteration 402/634
[10:52:23] step=iteration 403/634
[10:52:24] step=iteration 404/634
[10:52:24] step=iteration 405/634
[10:52:25] step=iteration 406/634
[10:52:25] step=iteration 407/634
[10:52:26] step=iteration 408/634
[10:52:26] step=iteration 409/634
[10:52:27] step=iteration 410/634
[10:52:27] step=iteration 411/634
[10:52:28] step=iteration 412/634
[10:52:29] step=iteration 413/634
[10:52:29] step=iteration 414/634
[10:52:30] step=iteration 415/634
[10:52:30] step=iteration 416/634
[10:52:31] step=iteration 417/634
[10:52:31] step=iteration 418/634
[10:52:32] step=iteration 419/634
[10:52:32] step=iteration 420/634
[10:52:33] step=iteration 421/634
[10:52:33] step=iteration 422/634
[10:52:34] step=iteration 423/634
[10:52:34] step=iteration 424/634
[10:52:35] step=iteration 425/634
[10:52:35] step=iteration 426/634
[10:52:36] step=iteration 427/634
[10:52:36] step=iteration 428/634
[10:52:37] step=iteration 429/634
[10:52:37] step=iteration 430/634
[10:52:38] step=iteration 431/634
[10:52:38] step=iteration 432/634
[10:52:39] step=iteration 433/634
[10:52:39] step=iteration 434/634
[10:52:40] step=iteration 435/634
[10:52:40] step=iteration 436/634
[10:52:41] step=iteration 437/634
[10:52:41] step=iteration 438/634
[10:52:42] step=iteration 439/634
[10:52:42] step=iteration 440/634
[10:52:43] step=iteration 441/634
[10:52:43] step=iteration 442/634
[10:52:44] step=iteration 443/634
[10:52:44] step=subtitle start upload_id=99286 video_id=24123388 title='Vzpoura'
[10:52:45] step=iteration 444/634
[10:52:45] step=iteration 445/634
[10:52:46] step=iteration 446/634
[10:52:46] step=iteration 447/634
[10:52:47] step=iteration 448/634
[10:52:47] step=iteration 449/634
[10:52:48] step=iteration 450/634
[10:52:49] step=iteration 451/634
[10:52:49] step=iteration 452/634
[10:52:50] step=iteration 453/634
[10:52:50] step=iteration 454/634
[10:52:51] step=iteration 455/634
[10:52:51] step=iteration 456/634
[10:52:52] step=iteration 457/634
[10:52:52] step=subtitle start upload_id=44870 video_id=24124521 title='Le pistole non discutono'
[10:52:53] step=iteration 458/634
[10:52:53] step=iteration 459/634
[10:52:54] step=iteration 460/634
[10:52:54] step=iteration 461/634
[10:52:55] step=iteration 462/634
[10:52:55] step=iteration 463/634
[10:52:56] step=iteration 464/634
[10:52:56] step=iteration 465/634
[10:52:57] step=iteration 466/634
[10:52:57] step=subtitle start upload_id=76624 video_id=24125417 title='Rocco a jeho bratři'
[10:52:58] step=iteration 467/634
[10:52:58] step=iteration 468/634
[10:52:59] step=iteration 469/634
[10:52:59] step=iteration 470/634
[10:53:00] step=iteration 471/634
[10:53:00] step=iteration 472/634
[10:53:01] step=iteration 473/634
[10:53:01] step=iteration 474/634
[10:53:02] step=iteration 475/634
[10:53:02] step=subtitle start upload_id=45108 video_id=24125847 title='Pronásledování na moři'
[10:53:03] step=iteration 476/634
[10:53:03] step=iteration 477/634
[10:53:04] step=iteration 478/634
[10:53:05] step=iteration 479/634
[10:53:05] step=subtitle start upload_id=45148 video_id=24126029 title='Silnice'
[10:53:06] step=iteration 480/634
[10:53:06] step=iteration 481/634
[10:53:07] step=iteration 482/634
[10:53:07] step=iteration 483/634
[10:53:08] step=iteration 484/634
[10:53:08] step=iteration 485/634
[10:53:08] step=subtitle start upload_id=45286 video_id=24126238 title='Orfeus'
[10:53:09] step=iteration 486/634
[10:53:09] step=subtitle start upload_id=45274 video_id=24126267 title='Mladík s trumpetou'
[10:53:10] step=iteration 487/634
[10:53:11] step=iteration 488/634
[10:53:11] step=iteration 489/634
[10:53:12] step=iteration 490/634
[10:53:12] step=subtitle start upload_id=45234 video_id=24126359 title='Ve městě'
[10:53:13] step=iteration 491/634
[10:53:14] step=iteration 492/634
[10:53:14] step=iteration 493/634
[10:53:14] step=subtitle start upload_id=45347 video_id=24126502 title='Dáma ze Šanghaje'
[10:53:15] step=iteration 494/634
[10:53:16] step=iteration 495/634
[10:53:16] step=iteration 496/634
[10:53:17] step=iteration 497/634
[10:53:17] step=iteration 498/634
[10:53:18] step=iteration 499/634
[10:53:18] step=subtitle start upload_id=45385 video_id=24126674 title='Mít a nemít'
[10:53:19] step=iteration 500/634
[10:53:19] step=subtitle start upload_id=45392 video_id=24126697 title='Ivan Hrozný'
[10:53:20] step=iteration 501/634
[10:53:20] step=iteration 502/634
[10:53:20] step=subtitle start upload_id=97900 video_id=24126753 title='Být či nebýt'
[10:53:22] step=iteration 503/634
[10:53:22] step=subtitle start upload_id=45504 video_id=24126775 title='Pan Smith s manželkou'
[10:53:23] step=iteration 504/634
[10:53:23] step=subtitle start upload_id=45472 video_id=24126801 title='Žid Süss'
[10:53:24] step=iteration 505/634
[10:53:24] step=iteration 506/634
[10:53:25] step=iteration 507/634
[10:53:25] step=subtitle start upload_id=45525 video_id=24126872 title='Bouřlivá dvacátá léta'
[10:53:26] step=iteration 508/634
[10:53:26] step=iteration 509/634
[10:53:27] step=iteration 510/634
[10:53:27] step=iteration 511/634
[10:53:28] step=iteration 512/634
[10:53:28] step=subtitle start upload_id=45749 video_id=24126961 title='Světla velkoměsta'
[10:53:29] step=iteration 513/634
[10:53:30] step=iteration 514/634
[10:53:30] step=subtitle start upload_id=68239 video_id=24127011 title='Čarodějnictví v průběhu věků'
[10:53:31]   uploading sub #0 (26368 B) as 'Brujeria.srt'
[10:53:32]   ✓ uploaded sub #0
[10:53:32] step=iteration 515/634
[10:53:32] step=subtitle start upload_id=99224 video_id=24127067 title='Vozka smrti'
[10:53:33] step=iteration 516/634
[10:53:34] step=iteration 517/634
[10:53:34] step=iteration 518/634
[10:53:35] step=iteration 519/634
[10:53:35] step=iteration 520/634
[10:53:36] step=iteration 521/634
[10:53:36] step=iteration 522/634
[10:53:36] step=subtitle start upload_id=75264 video_id=24129122 title='The Captives'
[10:53:38]   uploading sub #0 (29174 B) as 'The-Captives-0000402275-.srt'
[10:53:38]   ✓ uploaded sub #0
[10:53:39] step=iteration 523/634
[10:53:39] step=iteration 524/634
[10:53:40] step=iteration 525/634
[10:53:40] step=iteration 526/634
[10:53:41] step=iteration 527/634
[10:53:41] step=subtitle start upload_id=59811 video_id=24129294 title='Vzplanutí na Rye Lane'
[10:53:42]   uploading sub #0 (85710 B) as 'CZ-Rye-Lane--385372-.srt'
[10:53:43]   ✓ uploaded sub #0
[10:53:43]   uploading sub #1 (80892 B) as 'SK-Rye-Lane--385373-.srt'
[10:53:44]   ✓ uploaded sub #1
[10:53:44] step=iteration 528/634
[10:53:44] step=subtitle start upload_id=68766 video_id=24129313 title='Malicious'
[10:53:46]   uploading sub #0 (40540 B) as 'Malicious-0000396567-.srt'
[10:53:46]   ✓ uploaded sub #0
[10:53:47] step=iteration 529/634
[10:53:47] step=subtitle start upload_id=61208 video_id=24129331 title='The Swan Princess: A Fairytale is Born'
[10:53:48]   uploading sub #0 (61588 B) as 'CZ-The-Swan-Princess-A-Fairytale-Is-Born-2023-1080p-AMZN-WEBRip-DD5-1-x264-GalaxyRG.srt'
[10:53:48]   ✓ uploaded sub #0
[10:53:49]   uploading sub #1 (59470 B) as 'SK-The-Swan-Princess-A-Fairytale-Is-Born-2023-1080p-AMZN-WEBRip-DD5-1-x264-GalaxyRG--1-.srt'
[10:53:50]   ✓ uploaded sub #1
[10:53:50] step=iteration 530/634
[10:53:51] step=iteration 531/634
[10:53:51] step=iteration 532/634
[10:53:52] step=iteration 533/634
[10:53:52] step=iteration 534/634
[10:53:53] step=iteration 535/634
[10:53:53] step=iteration 536/634
[10:53:54] step=iteration 537/634
[10:53:54] step=iteration 538/634
[10:53:54] step=subtitle start upload_id=56494 video_id=24129494 title='Halsey: If I Can't Have Love, I Want Power - Global Performance Experience'
[10:53:56]   uploading sub #0 (30570 B) as 'Halsey-If-I-Cant-Have-Love-I-Want-Power-2021-1080p-WEBRip-x264-RARBG.srt'
[10:53:56]   ✓ uploaded sub #0
[10:53:57] step=iteration 539/634
[10:53:57] step=iteration 540/634
[10:53:57] step=subtitle start upload_id=39349 video_id=24129523 title='The Real Right Stuff'
[10:53:58]   uploading sub #0 (107506 B) as 'The-Real-Right-Stuff--341338-.srt'
[10:53:59]   ✓ uploaded sub #0
[10:54:00] step=iteration 541/634
[10:54:00] step=iteration 542/634
[10:54:00] step=subtitle start upload_id=24229 video_id=24129546 title='Kalank'
[10:54:02]   uploading sub #0 (101285 B) as 'kalank0000314544.vtt'
[10:54:02]   ✓ uploaded sub #0
[10:54:03] step=iteration 543/634
[10:54:03] step=subtitle start upload_id=44716 video_id=24129558 title='MatiAnak'
[10:54:04]   uploading sub #0 (34398 B) as 'MatiAnak-0000350358-.srt'
[10:54:05]   ✓ uploaded sub #0
[10:54:05] step=iteration 544/634
[10:54:06] step=iteration 545/634
[10:54:06] step=iteration 546/634
[10:54:07] step=iteration 547/634
[10:54:07] step=iteration 548/634
[10:54:08] step=iteration 549/634
[10:54:08] step=iteration 550/634
[10:54:08] step=subtitle start upload_id=21656 video_id=24129711 title='Ánimas'
[10:54:09]   uploading sub #0 (27041 B) as 'animas0000309234.vtt'
[10:54:10]   ✓ uploaded sub #0
[10:54:10] step=iteration 551/634
[10:54:11] step=iteration 552/634
[10:54:11] step=iteration 553/634
[10:54:12] step=iteration 554/634
[10:54:12] step=iteration 555/634
[10:54:13] step=iteration 556/634
[10:54:13] step=iteration 557/634
[10:54:14] step=iteration 558/634
[10:54:14] step=iteration 559/634
[10:54:15] step=iteration 560/634
[10:54:15] step=iteration 561/634
[10:54:16] step=iteration 562/634
[10:54:16] step=iteration 563/634
[10:54:17] step=iteration 564/634
[10:54:17] step=iteration 565/634
[10:54:18] step=iteration 566/634
[10:54:19] step=iteration 567/634
[10:54:19] step=iteration 568/634
[10:54:20] step=iteration 569/634
[10:54:20] step=iteration 570/634
[10:54:21] step=iteration 571/634
[10:54:21] step=iteration 572/634
[10:54:22] step=iteration 573/634
[10:54:22] step=iteration 574/634
[10:54:23] step=iteration 575/634
[10:54:23] step=iteration 576/634
[10:54:24] step=iteration 577/634
[10:54:24] step=iteration 578/634
[10:54:25] step=iteration 579/634
[10:54:25] step=iteration 580/634
[10:54:26] step=iteration 581/634
[10:54:26] step=iteration 582/634
[10:54:27] step=iteration 583/634
[10:54:27] step=iteration 584/634
[10:54:28] step=iteration 585/634
[10:54:28] step=iteration 586/634
[10:54:29] step=iteration 587/634
[10:54:29] step=iteration 588/634
[10:54:30] step=iteration 589/634
[10:54:30] step=iteration 590/634
[10:54:31] step=iteration 591/634
[10:54:31] step=iteration 592/634
[10:54:32] step=iteration 593/634
[10:54:32] step=iteration 594/634
[10:54:32] step=subtitle start upload_id=62545 video_id=24131046 title='Svatba naruby'
[10:54:33] step=iteration 595/634
[10:54:34] step=iteration 596/634
[10:54:34] step=iteration 597/634
[10:54:35] step=iteration 598/634
[10:54:35] step=iteration 599/634
[10:54:36] step=iteration 600/634
[10:54:37] step=iteration 601/634
[10:54:37] step=iteration 602/634
[10:54:38] step=iteration 603/634
[10:54:38] step=iteration 604/634
[10:54:39] step=iteration 605/634
[10:54:39] step=iteration 606/634
[10:54:40] step=iteration 607/634
[10:54:40] step=iteration 608/634
[10:54:41] step=iteration 609/634
[10:54:41] step=iteration 610/634
[10:54:42] step=iteration 611/634
[10:54:42] step=iteration 612/634
[10:54:43] step=iteration 613/634
[10:54:43] step=iteration 614/634
[10:54:44] step=iteration 615/634
[10:54:44] step=iteration 616/634
[10:54:45] step=iteration 617/634
[10:54:45] step=iteration 618/634
[10:54:46] step=iteration 619/634
[10:54:46] step=iteration 620/634
[10:54:47] step=iteration 621/634
[10:54:47] step=iteration 622/634
[10:54:48] step=iteration 623/634
[10:54:48] step=iteration 624/634
[10:54:49] step=iteration 625/634
[10:54:49] step=iteration 626/634
[10:54:50] step=iteration 627/634
[10:54:50] step=iteration 628/634
[10:54:51] step=iteration 629/634
[10:54:51] step=iteration 630/634
[10:54:52] step=iteration 631/634
[10:54:52] step=iteration 632/634
[10:54:53] step=iteration 633/634
[10:54:53] step=iteration 634/634
[10:54:54] step=batch-end succeeded=169 failed=33 skipped=432
